#
# There is insufficient memory for the Java Runtime Environment to continue.
# Native memory allocation (malloc) failed to allocate 1516960 bytes. Error detail: Chunk::new
# Possible reasons:
#   The system is out of physical RAM or swap space
#   This process is running with CompressedOops enabled, and the Java Heap may be blocking the growth of the native heap
# Possible solutions:
#   Reduce memory load on the system
#   Increase physical memory or swap space
#   Check if swap backing store is full
#   Decrease Java heap size (-Xmx/-Xms)
#   Decrease number of Java threads
#   Decrease Java thread stack sizes (-Xss)
#   Set larger code cache with -XX:ReservedCodeCacheSize=
#   JVM is running with Zero Based Compressed Oops mode in which the Java heap is
#     placed in the first 32GB address space. The Java Heap base address is the
#     maximum limit for the native heap growth. Please use -XX:HeapBaseMinAddress
#     to set the Java Heap base and to place the Java Heap above 32GB virtual address.
# This output file may be truncated or incomplete.
#
#  Out of Memory Error (arena.cpp:168), pid=17156, tid=25604
#
# JRE version: OpenJDK Runtime Environment Temurin-21.0.10+7 (21.0.10+7) (build 21.0.10+7-LTS)
# Java VM: OpenJDK 64-Bit Server VM Temurin-21.0.10+7 (21.0.10+7-LTS, mixed mode, sharing, tiered, compressed oops, compressed class ptrs, g1 gc, windows-amd64)
# No core dump will be written. Minidumps are not enabled by default on client versions of Windows
#

---------------  S U M M A R Y ------------

Command Line: --add-opens=java.base/java.lang=ALL-UNNAMED --add-opens=java.base/java.lang.invoke=ALL-UNNAMED --add-opens=java.base/java.util=ALL-UNNAMED --add-opens=java.prefs/java.util.prefs=ALL-UNNAMED --add-exports=jdk.compiler/com.sun.tools.javac.api=ALL-UNNAMED --add-exports=jdk.compiler/com.sun.tools.javac.util=ALL-UNNAMED --add-opens=java.base/java.util=ALL-UNNAMED --add-opens=java.prefs/java.util.prefs=ALL-UNNAMED --add-opens=java.base/java.nio.charset=ALL-UNNAMED --add-opens=java.base/java.net=ALL-UNNAMED --add-opens=java.base/java.util.concurrent.atomic=ALL-UNNAMED --add-opens=java.xml/javax.xml.namespace=ALL-UNNAMED -XX:MaxMetaspaceSize=4G -XX:ReservedCodeCacheSize=512m -XX:+HeapDumpOnOutOfMemoryError -Xmx8G -Dfile.encoding=UTF-8 -Duser.country=US -Duser.language=en -Duser.variant -javaagent:C:\Users\Ahmad Rafi\.gradle\wrapper\dists\gradle-8.14-all\c2qonpi39x1mddn7hk5gh9iqj\gradle-8.14\lib\agents\gradle-instrumentation-agent-8.14.jar org.gradle.launcher.daemon.bootstrap.GradleDaemon 8.14

Host: AMD Ryzen 7 7435HS                             , 16 cores, 15G,  Windows 11 , 64 bit Build 26100 (10.0.26100.8328)
Time: Thu May 21 21:46:39 2026 SE Asia Standard Time elapsed time: 10.180343 seconds (0d 0h 0m 10s)

---------------  T H R E A D  ---------------

Current thread (0x000001d835031fd0):  JavaThread "C2 CompilerThread3" daemon [_thread_in_native, id=25604, stack(0x0000008c0ea00000,0x0000008c0eb00000) (1024K)]


Current CompileTask:
C2:10180 8578       4       org.gradle.internal.reflect.ClassInspector::inspectClass (179 bytes)

Stack: [0x0000008c0ea00000,0x0000008c0eb00000]
Native frames: (J=compiled Java code, j=interpreted, Vv=VM code, C=native code)
V  [jvm.dll+0x6d7a39]
V  [jvm.dll+0x8b4b26]
V  [jvm.dll+0x8b70de]
V  [jvm.dll+0x8b77c3]
V  [jvm.dll+0x284346]
V  [jvm.dll+0xc66ed]
V  [jvm.dll+0xc6c31]
V  [jvm.dll+0x3bec3b]
V  [jvm.dll+0x38b162]
V  [jvm.dll+0x38a5aa]
V  [jvm.dll+0x24c560]
V  [jvm.dll+0x24bb40]
V  [jvm.dll+0x1cb34e]
V  [jvm.dll+0x25b85d]
V  [jvm.dll+0x259dea]
V  [jvm.dll+0x3f857e]
V  [jvm.dll+0x85f59d]
V  [jvm.dll+0x6d626d]
C  [ucrtbase.dll+0x37b0]
C  [KERNEL32.DLL+0x2e957]
C  [ntdll.dll+0x427c]


---------------  P R O C E S S  ---------------

Threads class SMR info:
_java_thread_list=0x000001d83513b4e0, length=86, elements={
0x000001d7df05e440, 0x000001d7ecf08a00, 0x000001d7ecf0b230, 0x000001d7ecf0cbf0,
0x000001d7ecf0d5f0, 0x000001d835006720, 0x000001d835008670, 0x000001d835028020,
0x000001d8350326a0, 0x000001d835031230, 0x000001d83524f480, 0x000001d83529dd70,
0x000001d83724fd80, 0x000001d83712f850, 0x000001d837475ee0, 0x000001d8371491c0,
0x000001d8370f3960, 0x000001d837495170, 0x000001d83709f1a0, 0x000001d83709f830,
0x000001d83709eb10, 0x000001d83709ddf0, 0x000001d83709e480, 0x000001d83709d760,
0x000001d83709fec0, 0x000001d83709d0d0, 0x000001d839e7fd80, 0x000001d839e80410,
0x000001d839e81130, 0x000001d839e82b70, 0x000001d839e7f6f0, 0x000001d839e85960,
0x000001d839e83890, 0x000001d839e824e0, 0x000001d835030490, 0x000001d835030b60,
0x000001d835031900, 0x000001d839e852d0, 0x000001d83b4325c0, 0x000001d83b432c50,
0x000001d83b4318a0, 0x000001d83b42f7d0, 0x000001d83b431f30, 0x000001d83b4332e0,
0x000001d83b430b80, 0x000001d83b431210, 0x000001d83b42fe60, 0x000001d83b433970,
0x000001d83b4304f0, 0x000001d83b434000, 0x000001d83b4353b0, 0x000001d83b436df0,
0x000001d83b434690, 0x000001d83b435a40, 0x000001d83b4360d0, 0x000001d83b436760,
0x000001d83b434d20, 0x000001d835ec6840, 0x000001d835ec7560, 0x000001d835ec5b20,
0x000001d835ec6ed0, 0x000001d835ec61b0, 0x000001d835ec5490, 0x000001d835ec4770,
0x000001d835ec8280, 0x000001d835ec7bf0, 0x000001d835ec4e00, 0x000001d835032d70,
0x000001d835ec9630, 0x000001d835eca350, 0x000001d835ec9cc0, 0x000001d835ecbd90,
0x000001d835eca9e0, 0x000001d835ecb070, 0x000001d835ecb700, 0x000001d835ec8910,
0x000001d835ec8fa0, 0x000001d839cc6b20, 0x000001d839cc50e0, 0x000001d839cc71b0,
0x000001d839cc5e00, 0x000001d839cc4a50, 0x000001d839cc5770, 0x000001d839cc43c0,
0x000001d835031fd0, 0x000001d839ccb350
}

Java Threads: ( => current thread )
  0x000001d7df05e440 JavaThread "main"                              [_thread_blocked, id=11912, stack(0x0000008c0ce00000,0x0000008c0cf00000) (1024K)]
  0x000001d7ecf08a00 JavaThread "Reference Handler"          daemon [_thread_blocked, id=21540, stack(0x0000008c0d600000,0x0000008c0d700000) (1024K)]
  0x000001d7ecf0b230 JavaThread "Finalizer"                  daemon [_thread_blocked, id=8988, stack(0x0000008c0d700000,0x0000008c0d800000) (1024K)]
  0x000001d7ecf0cbf0 JavaThread "Signal Dispatcher"          daemon [_thread_blocked, id=33040, stack(0x0000008c0d800000,0x0000008c0d900000) (1024K)]
  0x000001d7ecf0d5f0 JavaThread "Attach Listener"            daemon [_thread_blocked, id=22600, stack(0x0000008c0d900000,0x0000008c0da00000) (1024K)]
  0x000001d835006720 JavaThread "Service Thread"             daemon [_thread_blocked, id=33268, stack(0x0000008c0da00000,0x0000008c0db00000) (1024K)]
  0x000001d835008670 JavaThread "Monitor Deflation Thread"   daemon [_thread_blocked, id=460, stack(0x0000008c0db00000,0x0000008c0dc00000) (1024K)]
  0x000001d835028020 JavaThread "C2 CompilerThread0"         daemon [_thread_in_native, id=36400, stack(0x0000008c0dc00000,0x0000008c0dd00000) (1024K)]
  0x000001d8350326a0 JavaThread "C1 CompilerThread0"         daemon [_thread_blocked, id=26024, stack(0x0000008c0dd00000,0x0000008c0de00000) (1024K)]
  0x000001d835031230 JavaThread "C1 CompilerThread1"         daemon [_thread_blocked, id=18780, stack(0x0000008c0de00000,0x0000008c0df00000) (1024K)]
  0x000001d83524f480 JavaThread "Common-Cleaner"             daemon [_thread_blocked, id=28972, stack(0x0000008c0df00000,0x0000008c0e000000) (1024K)]
  0x000001d83529dd70 JavaThread "Notification Thread"        daemon [_thread_blocked, id=18120, stack(0x0000008c0e000000,0x0000008c0e100000) (1024K)]
  0x000001d83724fd80 JavaThread "Daemon health stats"               [_thread_blocked, id=18268, stack(0x0000008c0e900000,0x0000008c0ea00000) (1024K)]
  0x000001d83712f850 JavaThread "Incoming local TCP Connector on port 61544"        [_thread_in_native, id=25880, stack(0x0000008c0ec00000,0x0000008c0ed00000) (1024K)]
  0x000001d837475ee0 JavaThread "Daemon periodic checks"            [_thread_blocked, id=16624, stack(0x0000008c0ed00000,0x0000008c0ee00000) (1024K)]
  0x000001d8371491c0 JavaThread "Daemon"                            [_thread_blocked, id=4764, stack(0x0000008c0ee00000,0x0000008c0ef00000) (1024K)]
  0x000001d8370f3960 JavaThread "Handler for socket connection from /127.0.0.1:61544 to /127.0.0.1:61545"        [_thread_in_native, id=32536, stack(0x0000008c0ef00000,0x0000008c0f000000) (1024K)]
  0x000001d837495170 JavaThread "Cancel handler"                    [_thread_blocked, id=29660, stack(0x0000008c0f000000,0x0000008c0f100000) (1024K)]
  0x000001d83709f1a0 JavaThread "Daemon worker"                     [_thread_in_vm, id=14556, stack(0x0000008c0f100000,0x0000008c0f200000) (1024K)]
  0x000001d83709f830 JavaThread "Asynchronous log dispatcher for DefaultDaemonConnection: socket connection from /127.0.0.1:61544 to /127.0.0.1:61545"        [_thread_blocked, id=7196, stack(0x0000008c0f200000,0x0000008c0f300000) (1024K)]
  0x000001d83709eb10 JavaThread "Stdin handler"                     [_thread_blocked, id=3264, stack(0x0000008c0f300000,0x0000008c0f400000) (1024K)]
  0x000001d83709ddf0 JavaThread "Daemon client event forwarder"        [_thread_blocked, id=8932, stack(0x0000008c0f400000,0x0000008c0f500000) (1024K)]
  0x000001d83709e480 JavaThread "Cache worker for journal cache (C:\Users\Ahmad Rafi\.gradle\caches\journal-1)"        [_thread_blocked, id=10132, stack(0x0000008c0f500000,0x0000008c0f600000) (1024K)]
  0x000001d83709d760 JavaThread "File lock request listener"        [_thread_in_native, id=33544, stack(0x0000008c0f600000,0x0000008c0f700000) (1024K)]
  0x000001d83709fec0 JavaThread "Cache worker for file hash cache (C:\Users\Ahmad Rafi\.gradle\caches\8.14\fileHashes)"        [_thread_blocked, id=34868, stack(0x0000008c0f700000,0x0000008c0f800000) (1024K)]
  0x000001d83709d0d0 JavaThread "Cache worker for file hash cache (C:\Users\Ahmad Rafi\EasyLive_PBLKelompok1Semester4\easylive_app\android\.gradle\8.14\fileHashes)"        [_thread_blocked, id=19288, stack(0x0000008c10100000,0x0000008c10200000) (1024K)]
  0x000001d839e7fd80 JavaThread "Cache worker for Build Output Cleanup Cache (C:\Users\Ahmad Rafi\EasyLive_PBLKelompok1Semester4\easylive_app\android\.gradle\buildOutputCleanup)"        [_thread_blocked, id=30132, stack(0x0000008c10200000,0x0000008c10300000) (1024K)]
  0x000001d839e80410 JavaThread "File watcher server"        daemon [_thread_in_native, id=13664, stack(0x0000008c10300000,0x0000008c10400000) (1024K)]
  0x000001d839e81130 JavaThread "File watcher consumer"      daemon [_thread_blocked, id=11288, stack(0x0000008c10400000,0x0000008c10500000) (1024K)]
  0x000001d839e82b70 JavaThread "Cache worker for checksums cache (C:\Users\Ahmad Rafi\EasyLive_PBLKelompok1Semester4\easylive_app\android\.gradle\8.14\checksums)"        [_thread_blocked, id=30832, stack(0x0000008c10700000,0x0000008c10800000) (1024K)]
  0x000001d839e7f6f0 JavaThread "Cache worker for file content cache (C:\Users\Ahmad Rafi\.gradle\caches\8.14\fileContent)"        [_thread_blocked, id=35728, stack(0x0000008c10800000,0x0000008c10900000) (1024K)]
  0x000001d839e85960 JavaThread "Cache worker for cache directory md-supplier (C:\Users\Ahmad Rafi\.gradle\caches\8.14\md-supplier)"        [_thread_blocked, id=38016, stack(0x0000008c10900000,0x0000008c10a00000) (1024K)]
  0x000001d839e83890 JavaThread "Cache worker for cache directory md-rule (C:\Users\Ahmad Rafi\.gradle\caches\8.14\md-rule)"        [_thread_blocked, id=37440, stack(0x0000008c10a00000,0x0000008c10b00000) (1024K)]
  0x000001d839e824e0 JavaThread "Cache worker for Build Output Cleanup Cache (C:\src\flutter\packages\flutter_tools\gradle\.gradle\buildOutputCleanup)"        [_thread_blocked, id=33996, stack(0x0000008c10b00000,0x0000008c10c00000) (1024K)]
  0x000001d835030490 JavaThread "C2 CompilerThread1"         daemon [_thread_in_native, id=25128, stack(0x0000008c0e100000,0x0000008c0e200000) (1024K)]
  0x000001d835030b60 JavaThread "C1 CompilerThread2"         daemon [_thread_blocked, id=35288, stack(0x0000008c0e700000,0x0000008c0e800000) (1024K)]
  0x000001d835031900 JavaThread "C2 CompilerThread2"         daemon [_thread_in_native, id=3144, stack(0x0000008c0e800000,0x0000008c0e900000) (1024K)]
  0x000001d839e852d0 JavaThread "Unconstrained build operations"        [_thread_blocked, id=9836, stack(0x0000008c0eb00000,0x0000008c0ec00000) (1024K)]
  0x000001d83b4325c0 JavaThread "Unconstrained build operations Thread 2"        [_thread_blocked, id=32064, stack(0x0000008c10500000,0x0000008c10600000) (1024K)]
  0x000001d83b432c50 JavaThread "Unconstrained build operations Thread 3"        [_thread_blocked, id=23492, stack(0x0000008c10600000,0x0000008c10700000) (1024K)]
  0x000001d83b4318a0 JavaThread "Unconstrained build operations Thread 4"        [_thread_blocked, id=35832, stack(0x0000008c10c00000,0x0000008c10d00000) (1024K)]
  0x000001d83b42f7d0 JavaThread "Unconstrained build operations Thread 5"        [_thread_blocked, id=30852, stack(0x0000008c10d00000,0x0000008c10e00000) (1024K)]
  0x000001d83b431f30 JavaThread "Unconstrained build operations Thread 6"        [_thread_blocked, id=31820, stack(0x0000008c10e00000,0x0000008c10f00000) (1024K)]
  0x000001d83b4332e0 JavaThread "Unconstrained build operations Thread 7"        [_thread_blocked, id=21020, stack(0x0000008c10f00000,0x0000008c11000000) (1024K)]
  0x000001d83b430b80 JavaThread "Unconstrained build operations Thread 8"        [_thread_blocked, id=38176, stack(0x0000008c11000000,0x0000008c11100000) (1024K)]
  0x000001d83b431210 JavaThread "Unconstrained build operations Thread 9"        [_thread_blocked, id=38728, stack(0x0000008c11100000,0x0000008c11200000) (1024K)]
  0x000001d83b42fe60 JavaThread "Unconstrained build operations Thread 10"        [_thread_blocked, id=17328, stack(0x0000008c11200000,0x0000008c11300000) (1024K)]
  0x000001d83b433970 JavaThread "Unconstrained build operations Thread 11"        [_thread_blocked, id=18224, stack(0x0000008c11300000,0x0000008c11400000) (1024K)]
  0x000001d83b4304f0 JavaThread "Unconstrained build operations Thread 12"        [_thread_blocked, id=18724, stack(0x0000008c11400000,0x0000008c11500000) (1024K)]
  0x000001d83b434000 JavaThread "Unconstrained build operations Thread 13"        [_thread_blocked, id=31400, stack(0x0000008c11500000,0x0000008c11600000) (1024K)]
  0x000001d83b4353b0 JavaThread "Unconstrained build operations Thread 14"        [_thread_blocked, id=28108, stack(0x0000008c11600000,0x0000008c11700000) (1024K)]
  0x000001d83b436df0 JavaThread "Unconstrained build operations Thread 15"        [_thread_blocked, id=2400, stack(0x0000008c11700000,0x0000008c11800000) (1024K)]
  0x000001d83b434690 JavaThread "Unconstrained build operations Thread 16"        [_thread_blocked, id=16852, stack(0x0000008c11800000,0x0000008c11900000) (1024K)]
  0x000001d83b435a40 JavaThread "Unconstrained build operations Thread 17"        [_thread_blocked, id=25048, stack(0x0000008c11900000,0x0000008c11a00000) (1024K)]
  0x000001d83b4360d0 JavaThread "Unconstrained build operations Thread 18"        [_thread_blocked, id=19440, stack(0x0000008c11a00000,0x0000008c11b00000) (1024K)]
  0x000001d83b436760 JavaThread "Unconstrained build operations Thread 19"        [_thread_blocked, id=34864, stack(0x0000008c11b00000,0x0000008c11c00000) (1024K)]
  0x000001d83b434d20 JavaThread "Unconstrained build operations Thread 20"        [_thread_blocked, id=14576, stack(0x0000008c11c00000,0x0000008c11d00000) (1024K)]
  0x000001d835ec6840 JavaThread "Unconstrained build operations Thread 21"        [_thread_blocked, id=37068, stack(0x0000008c11d00000,0x0000008c11e00000) (1024K)]
  0x000001d835ec7560 JavaThread "Unconstrained build operations Thread 22"        [_thread_blocked, id=16344, stack(0x0000008c11e00000,0x0000008c11f00000) (1024K)]
  0x000001d835ec5b20 JavaThread "Unconstrained build operations Thread 23"        [_thread_blocked, id=12748, stack(0x0000008c11f00000,0x0000008c12000000) (1024K)]
  0x000001d835ec6ed0 JavaThread "Unconstrained build operations Thread 24"        [_thread_blocked, id=14128, stack(0x0000008c12000000,0x0000008c12100000) (1024K)]
  0x000001d835ec61b0 JavaThread "Unconstrained build operations Thread 25"        [_thread_blocked, id=15104, stack(0x0000008c12100000,0x0000008c12200000) (1024K)]
  0x000001d835ec5490 JavaThread "Unconstrained build operations Thread 26"        [_thread_blocked, id=31472, stack(0x0000008c12200000,0x0000008c12300000) (1024K)]
  0x000001d835ec4770 JavaThread "Unconstrained build operations Thread 27"        [_thread_blocked, id=28724, stack(0x0000008c12300000,0x0000008c12400000) (1024K)]
  0x000001d835ec8280 JavaThread "Unconstrained build operations Thread 28"        [_thread_blocked, id=26820, stack(0x0000008c12400000,0x0000008c12500000) (1024K)]
  0x000001d835ec7bf0 JavaThread "Unconstrained build operations Thread 29"        [_thread_blocked, id=13456, stack(0x0000008c12500000,0x0000008c12600000) (1024K)]
  0x000001d835ec4e00 JavaThread "Unconstrained build operations Thread 30"        [_thread_blocked, id=38156, stack(0x0000008c12600000,0x0000008c12700000) (1024K)]
  0x000001d835032d70 JavaThread "C1 CompilerThread3"         daemon [_thread_blocked, id=14920, stack(0x0000008c12700000,0x0000008c12800000) (1024K)]
  0x000001d835ec9630 JavaThread "Unconstrained build operations Thread 31"        [_thread_blocked, id=20624, stack(0x0000008c12800000,0x0000008c12900000) (1024K)]
  0x000001d835eca350 JavaThread "Unconstrained build operations Thread 32"        [_thread_blocked, id=31860, stack(0x0000008c12900000,0x0000008c12a00000) (1024K)]
  0x000001d835ec9cc0 JavaThread "Unconstrained build operations Thread 33"        [_thread_blocked, id=3424, stack(0x0000008c12a00000,0x0000008c12b00000) (1024K)]
  0x000001d835ecbd90 JavaThread "Unconstrained build operations Thread 34"        [_thread_blocked, id=15844, stack(0x0000008c12b00000,0x0000008c12c00000) (1024K)]
  0x000001d835eca9e0 JavaThread "Unconstrained build operations Thread 35"        [_thread_blocked, id=14376, stack(0x0000008c12c00000,0x0000008c12d00000) (1024K)]
  0x000001d835ecb070 JavaThread "Unconstrained build operations Thread 36"        [_thread_blocked, id=34204, stack(0x0000008c12d00000,0x0000008c12e00000) (1024K)]
  0x000001d835ecb700 JavaThread "Unconstrained build operations Thread 37"        [_thread_blocked, id=36824, stack(0x0000008c12e00000,0x0000008c12f00000) (1024K)]
  0x000001d835ec8910 JavaThread "Unconstrained build operations Thread 38"        [_thread_blocked, id=13744, stack(0x0000008c12f00000,0x0000008c13000000) (1024K)]
  0x000001d835ec8fa0 JavaThread "Unconstrained build operations Thread 39"        [_thread_blocked, id=33508, stack(0x0000008c13000000,0x0000008c13100000) (1024K)]
  0x000001d839cc6b20 JavaThread "Unconstrained build operations Thread 40"        [_thread_blocked, id=16264, stack(0x0000008c13100000,0x0000008c13200000) (1024K)]
  0x000001d839cc50e0 JavaThread "Unconstrained build operations Thread 41"        [_thread_blocked, id=36776, stack(0x0000008c13200000,0x0000008c13300000) (1024K)]
  0x000001d839cc71b0 JavaThread "Unconstrained build operations Thread 42"        [_thread_blocked, id=24184, stack(0x0000008c13300000,0x0000008c13400000) (1024K)]
  0x000001d839cc5e00 JavaThread "Unconstrained build operations Thread 43"        [_thread_blocked, id=36072, stack(0x0000008c13400000,0x0000008c13500000) (1024K)]
  0x000001d839cc4a50 JavaThread "Unconstrained build operations Thread 44"        [_thread_blocked, id=17616, stack(0x0000008c13500000,0x0000008c13600000) (1024K)]
  0x000001d839cc5770 JavaThread "Unconstrained build operations Thread 45"        [_thread_blocked, id=37912, stack(0x0000008c13600000,0x0000008c13700000) (1024K)]
  0x000001d839cc43c0 JavaThread "Memory manager"                    [_thread_blocked, id=30692, stack(0x0000008c13900000,0x0000008c13a00000) (1024K)]
=>0x000001d835031fd0 JavaThread "C2 CompilerThread3"         daemon [_thread_in_native, id=25604, stack(0x0000008c0ea00000,0x0000008c0eb00000) (1024K)]
  0x000001d839ccb350 JavaThread "build event listener"              [_thread_blocked, id=17988, stack(0x0000008c13700000,0x0000008c13800000) (1024K)]
Total: 86

Other Threads:
  0x000001d7ecee99d0 VMThread "VM Thread"                           [id=26228, stack(0x0000008c0d500000,0x0000008c0d600000) (1024K)]
  0x000001d7eced9cf0 WatcherThread "VM Periodic Task Thread"        [id=38880, stack(0x0000008c0d400000,0x0000008c0d500000) (1024K)]
  0x000001d7df109a70 WorkerThread "GC Thread#0"                     [id=38108, stack(0x0000008c0cf00000,0x0000008c0d000000) (1024K)]
  0x000001d83534ba80 WorkerThread "GC Thread#1"                     [id=20984, stack(0x0000008c0e200000,0x0000008c0e300000) (1024K)]
  0x000001d8353d0710 WorkerThread "GC Thread#2"                     [id=35184, stack(0x0000008c0e300000,0x0000008c0e400000) (1024K)]
  0x000001d8353d0ac0 WorkerThread "GC Thread#3"                     [id=35196, stack(0x0000008c0e400000,0x0000008c0e500000) (1024K)]
  0x000001d83543a5f0 WorkerThread "GC Thread#4"                     [id=17460, stack(0x0000008c0e500000,0x0000008c0e600000) (1024K)]
  0x000001d83543a9a0 WorkerThread "GC Thread#5"                     [id=28304, stack(0x0000008c0e600000,0x0000008c0e700000) (1024K)]
  0x000001d83b086c10 WorkerThread "GC Thread#6"                     [id=18416, stack(0x0000008c0f800000,0x0000008c0f900000) (1024K)]
  0x000001d83b0885e0 WorkerThread "GC Thread#7"                     [id=27744, stack(0x0000008c0f900000,0x0000008c0fa00000) (1024K)]
  0x000001d83b086fc0 WorkerThread "GC Thread#8"                     [id=20124, stack(0x0000008c0fa00000,0x0000008c0fb00000) (1024K)]
  0x000001d83b0859a0 WorkerThread "GC Thread#9"                     [id=14876, stack(0x0000008c0fb00000,0x0000008c0fc00000) (1024K)]
  0x000001d83b087e80 WorkerThread "GC Thread#10"                    [id=4704, stack(0x0000008c0fc00000,0x0000008c0fd00000) (1024K)]
  0x000001d83b087370 WorkerThread "GC Thread#11"                    [id=15468, stack(0x0000008c0fd00000,0x0000008c0fe00000) (1024K)]
  0x000001d83b087720 WorkerThread "GC Thread#12"                    [id=31612, stack(0x0000008c0fe00000,0x0000008c0ff00000) (1024K)]
  0x000001d7df11aa60 ConcurrentGCThread "G1 Main Marker"            [id=20836, stack(0x0000008c0d000000,0x0000008c0d100000) (1024K)]
  0x000001d7df11e2b0 WorkerThread "G1 Conc#0"                       [id=31548, stack(0x0000008c0d100000,0x0000008c0d200000) (1024K)]
  0x000001d83b087ad0 WorkerThread "G1 Conc#1"                       [id=38140, stack(0x0000008c0ff00000,0x0000008c10000000) (1024K)]
  0x000001d83b084ae0 WorkerThread "G1 Conc#2"                       [id=19824, stack(0x0000008c10000000,0x0000008c10100000) (1024K)]
  0x000001d7ecdaba80 ConcurrentGCThread "G1 Refine#0"               [id=4420, stack(0x0000008c0d200000,0x0000008c0d300000) (1024K)]
  0x000001d7ecdabfd0 ConcurrentGCThread "G1 Service"                [id=22596, stack(0x0000008c0d300000,0x0000008c0d400000) (1024K)]
Total: 21

Threads with active compile tasks:
C2 CompilerThread0  10207 8669       4       com.google.common.collect.ImmutableMap$Builder::buildOrThrow (6 bytes)
C2 CompilerThread1  10207 8679       4       java.util.TimSort::binarySort (223 bytes)
C2 CompilerThread2  10207 8362       4       org.gradle.internal.instantiation.generator.AbstractClassGenerator::inspectType (602 bytes)
C2 CompilerThread3  10207 8578       4       org.gradle.internal.reflect.ClassInspector::inspectClass (179 bytes)
Total: 4

VM state: not at safepoint (normal execution)

VM Mutex/Monitor currently owned by a thread: None

Heap address: 0x0000000600000000, size: 8192 MB, Compressed Oops mode: Zero based, Oop shift amount: 3

CDS archive(s) mapped at: [0x000001d7f0000000-0x000001d7f0ba0000-0x000001d7f0ba0000), size 12189696, SharedBaseAddress: 0x000001d7f0000000, ArchiveRelocationMode: 1.
Compressed class space mapped at: 0x000001d7f1000000-0x000001d831000000, reserved size: 1073741824
Narrow klass base: 0x000001d7f0000000, Narrow klass shift: 0, Narrow klass range: 0x100000000

GC Precious Log:
 CardTable entry size: 512
 Card Set container configuration: InlinePtr #cards 4 size 8 Array Of Cards #cards 32 size 80 Howl #buckets 8 coarsen threshold 7372 Howl Bitmap #cards 1024 size 144 coarsen threshold 921 Card regions per heap region 1 cards per card region 8192
 CPUs: 16 total, 16 available
 Memory: 16202M
 Large Page Support: Disabled
 NUMA Support: Disabled
 Compressed Oops: Enabled (Zero based)
 Heap Region Size: 4M
 Heap Min Capacity: 8M
 Heap Initial Capacity: 256M
 Heap Max Capacity: 8G
 Pre-touch: Disabled
 Parallel Workers: 13
 Concurrent Workers: 3
 Concurrent Refinement Workers: 13
 Periodic GC: Disabled

Heap:
 garbage-first heap   total 122880K, used 78111K [0x0000000600000000, 0x0000000800000000)
  region size 4096K, 6 young (24576K), 2 survivors (8192K)
 Metaspace       used 69350K, committed 71296K, reserved 1114112K
  class space    used 10235K, committed 11200K, reserved 1048576K

Heap Regions: E=young(eden), S=young(survivor), O=old, HS=humongous(starts), HC=humongous(continues), CS=collection set, F=free, TAMS=top-at-mark-start, PB=parsable bottom
|   0|0x0000000600000000, 0x0000000600400000, 0x0000000600400000|100%|HS|  |TAMS 0x0000000600000000| PB 0x0000000600000000| Complete 
|   1|0x0000000600400000, 0x0000000600800000, 0x0000000600800000|100%| O|  |TAMS 0x0000000600400000| PB 0x0000000600400000| Untracked 
|   2|0x0000000600800000, 0x0000000600c00000, 0x0000000600c00000|100%| O|  |TAMS 0x0000000600800000| PB 0x0000000600800000| Untracked 
|   3|0x0000000600c00000, 0x0000000601000000, 0x0000000601000000|100%| O|  |TAMS 0x0000000600c00000| PB 0x0000000600c00000| Untracked 
|   4|0x0000000601000000, 0x0000000601400000, 0x0000000601400000|100%| O|  |TAMS 0x0000000601000000| PB 0x0000000601000000| Untracked 
|   5|0x0000000601400000, 0x0000000601800000, 0x0000000601800000|100%|HS|  |TAMS 0x0000000601400000| PB 0x0000000601400000| Complete 
|   6|0x0000000601800000, 0x0000000601c00000, 0x0000000601c00000|100%|HS|  |TAMS 0x0000000601800000| PB 0x0000000601800000| Complete 
|   7|0x0000000601c00000, 0x0000000602000000, 0x0000000602000000|100%| O|  |TAMS 0x0000000601c00000| PB 0x0000000601c00000| Untracked 
|   8|0x0000000602000000, 0x0000000602047fc8, 0x0000000602400000|  7%| O|  |TAMS 0x0000000602000000| PB 0x0000000602000000| Untracked 
|   9|0x0000000602400000, 0x0000000602400000, 0x0000000602800000|  0%| F|  |TAMS 0x0000000602400000| PB 0x0000000602400000| Untracked 
|  10|0x0000000602800000, 0x0000000602c00000, 0x0000000602c00000|100%| S|CS|TAMS 0x0000000602800000| PB 0x0000000602800000| Complete 
|  11|0x0000000602c00000, 0x0000000603000000, 0x0000000603000000|100%| S|CS|TAMS 0x0000000602c00000| PB 0x0000000602c00000| Complete 
|  12|0x0000000603000000, 0x0000000603000000, 0x0000000603400000|  0%| F|  |TAMS 0x0000000603000000| PB 0x0000000603000000| Untracked 
|  13|0x0000000603400000, 0x0000000603400000, 0x0000000603800000|  0%| F|  |TAMS 0x0000000603400000| PB 0x0000000603400000| Untracked 
|  14|0x0000000603800000, 0x0000000603800000, 0x0000000603c00000|  0%| F|  |TAMS 0x0000000603800000| PB 0x0000000603800000| Untracked 
|  15|0x0000000603c00000, 0x0000000603c00000, 0x0000000604000000|  0%| F|  |TAMS 0x0000000603c00000| PB 0x0000000603c00000| Untracked 
|  16|0x0000000604000000, 0x0000000604000000, 0x0000000604400000|  0%| F|  |TAMS 0x0000000604000000| PB 0x0000000604000000| Untracked 
|  21|0x0000000605400000, 0x0000000605400000, 0x0000000605800000|  0%| F|  |TAMS 0x0000000605400000| PB 0x0000000605400000| Untracked 
|  22|0x0000000605800000, 0x0000000605800000, 0x0000000605c00000|  0%| F|  |TAMS 0x0000000605800000| PB 0x0000000605800000| Untracked 
|  23|0x0000000605c00000, 0x0000000605c00000, 0x0000000606000000|  0%| F|  |TAMS 0x0000000605c00000| PB 0x0000000605c00000| Untracked 
|  24|0x0000000606000000, 0x0000000606263490, 0x0000000606400000| 59%| E|  |TAMS 0x0000000606000000| PB 0x0000000606000000| Complete 
|  25|0x0000000606400000, 0x0000000606800000, 0x0000000606800000|100%| E|CS|TAMS 0x0000000606400000| PB 0x0000000606400000| Complete 
|  63|0x000000060fc00000, 0x0000000610000000, 0x0000000610000000|100%| E|CS|TAMS 0x000000060fc00000| PB 0x000000060fc00000| Complete 
|2041|0x00000007fe400000, 0x00000007fe800000, 0x00000007fe800000|100%| O|Cm|TAMS 0x00000007fe400000| PB 0x00000007fe400000| Complete 
|2042|0x00000007fe800000, 0x00000007fec00000, 0x00000007fec00000|100%| O|  |TAMS 0x00000007fe800000| PB 0x00000007fe800000| Untracked 
|2043|0x00000007fec00000, 0x00000007ff000000, 0x00000007ff000000|100%| E|CS|TAMS 0x00000007fec00000| PB 0x00000007fec00000| Complete 
|2044|0x00000007ff000000, 0x00000007ff400000, 0x00000007ff400000|100%| O|  |TAMS 0x00000007ff000000| PB 0x00000007ff000000| Untracked 
|2045|0x00000007ff400000, 0x00000007ff800000, 0x00000007ff800000|100%| O|  |TAMS 0x00000007ff400000| PB 0x00000007ff400000| Untracked 
|2046|0x00000007ff800000, 0x00000007ffc00000, 0x00000007ffc00000|100%| O|  |TAMS 0x00000007ff800000| PB 0x00000007ff800000| Untracked 
|2047|0x00000007ffc00000, 0x0000000800000000, 0x0000000800000000|100%| O|  |TAMS 0x00000007ffc00000| PB 0x00000007ffc00000| Untracked 

Card table byte_map: [0x000001d7e3d10000,0x000001d7e4d10000] _byte_map_base: 0x000001d7e0d10000

Marking Bits: (CMBitMap*) 0x000001d7df10a180
 Bits: [0x000001d7e4d10000, 0x000001d7ecd10000)

Polling page: 0x000001d7dd230000

Metaspace:

Usage:
  Non-class:     57.73 MB used.
      Class:     10.00 MB used.
       Both:     67.73 MB used.

Virtual space:
  Non-class space:       64.00 MB reserved,      58.75 MB ( 92%) committed,  1 nodes.
      Class space:        1.00 GB reserved,      10.94 MB (  1%) committed,  1 nodes.
             Both:        1.06 GB reserved,      69.69 MB (  6%) committed. 

Chunk freelists:
   Non-Class:  4.73 MB
       Class:  5.07 MB
        Both:  9.80 MB

MaxMetaspaceSize: 4.00 GB
CompressedClassSpaceSize: 1.00 GB
Initial GC threshold: 21.00 MB
Current GC threshold: 114.81 MB
CDS: on
 - commit_granule_bytes: 65536.
 - commit_granule_words: 8192.
 - virtual_space_node_default_size: 8388608.
 - enlarge_chunks_in_place: 1.
 - use_allocation_guard: 0.


Internal statistics:

num_allocs_failed_limit: 12.
num_arena_births: 3724.
num_arena_deaths: 0.
num_vsnodes_births: 2.
num_vsnodes_deaths: 0.
num_space_committed: 1115.
num_space_uncommitted: 0.
num_chunks_returned_to_freelist: 12.
num_chunks_taken_from_freelist: 7105.
num_chunk_merges: 9.
num_chunk_splits: 4570.
num_chunks_enlarged: 2750.
num_inconsistent_stats: 0.

CodeHeap 'non-profiled nmethods': size=258432Kb used=4430Kb max_used=4941Kb free=254001Kb
 bounds [0x000001d7903a0000, 0x000001d790880000, 0x000001d7a0000000]
CodeHeap 'profiled nmethods': size=258368Kb used=13746Kb max_used=14979Kb free=244621Kb
 bounds [0x000001d780000000, 0x000001d780eb0000, 0x000001d78fc50000]
CodeHeap 'non-nmethods': size=7488Kb used=3668Kb max_used=3678Kb free=3819Kb
 bounds [0x000001d78fc50000, 0x000001d790000000, 0x000001d7903a0000]
CodeCache: size=524288Kb, used=21844Kb, max_used=23598Kb, free=502441Kb
 total_blobs=8280, nmethods=7482, adapters=697, full_count=0
Compilation: enabled, stopped_count=0, restarted_count=0

Compilation events (20 events):
Event: 10.165 Thread 0x000001d835030b60 nmethod 8637 0x000001d78017c010 code [0x000001d78017c1c0, 0x000001d78017c348]
Event: 10.165 Thread 0x000001d835031230 nmethod 8638 0x000001d780080f90 code [0x000001d780081140, 0x000001d7800813f0]
Event: 10.174 Thread 0x000001d835030b60 8643       3       com.google.common.collect.RegularImmutableSortedSet::iterator (8 bytes)
Event: 10.174 Thread 0x000001d835030b60 nmethod 8643 0x000001d78020ca10 code [0x000001d78020cbc0, 0x000001d78020cda0]
Event: 10.175 Thread 0x000001d835030490 8644       4       java.lang.reflect.Executable::getAnnotation (23 bytes)
Event: 10.176 Thread 0x000001d8350326a0 8646   !   3       jdk.proxy2.$Proxy10::annotationType (29 bytes)
Event: 10.176 Thread 0x000001d8350326a0 nmethod 8646 0x000001d7807b6e10 code [0x000001d7807b6fe0, 0x000001d7807b73e8]
Event: 10.176 Thread 0x000001d835028020 nmethod 8634 0x000001d790526990 code [0x000001d790526b80, 0x000001d7905274b8]
Event: 10.176 Thread 0x000001d8350326a0 8647       3       org.gradle.internal.properties.annotations.DefaultTypeMetadataStore$DefaultPropertyMetadata::getDeclaredType (10 bytes)
Event: 10.176 Thread 0x000001d835028020 8645       4       java.util.ArrayList::spliterator (12 bytes)
Event: 10.177 Thread 0x000001d8350326a0 nmethod 8647 0x000001d78021bc10 code [0x000001d78021bdc0, 0x000001d78021bfb0]
Event: 10.177 Thread 0x000001d835028020 nmethod 8645 0x000001d7907a8090 code [0x000001d7907a8220, 0x000001d7907a8320]
Event: 10.177 Thread 0x000001d835030b60 8648       3       com.google.common.reflect.TypeToken::getRawType (18 bytes)
Event: 10.177 Thread 0x000001d835030b60 nmethod 8648 0x000001d7804a0910 code [0x000001d7804a0ae0, 0x000001d7804a0e98]
Event: 10.178 Thread 0x000001d835032d70 8649       1       org.gradle.internal.properties.annotations.DefaultTypeMetadataStore$DefaultPropertyMetadata::getPropertyType (5 bytes)
Event: 10.178 Thread 0x000001d835032d70 nmethod 8649 0x000001d7907a7d90 code [0x000001d7907a7f20, 0x000001d7907a7ff0]
Event: 10.178 Thread 0x000001d835031230 8650       3       java.util.ArrayDeque::getFirst (26 bytes)
Event: 10.178 Thread 0x000001d8350326a0 8651       1       org.gradle.api.internal.tasks.CachingTaskDependencyResolveContext::access$000 (5 bytes)
Event: 10.178 Thread 0x000001d835031230 nmethod 8650 0x000001d780773e10 code [0x000001d780773fe0, 0x000001d780774288]
Event: 10.178 Thread 0x000001d8350326a0 nmethod 8651 0x000001d7905fc810 code [0x000001d7905fc9a0, 0x000001d7905fca50]

GC Heap History (20 events):
Event: 3.323 GC heap before
{Heap before GC invocations=5 (full 0):
 garbage-first heap   total 110592K, used 82128K [0x0000000600000000, 0x0000000800000000)
  region size 4096K, 15 young (61440K), 2 survivors (8192K)
 Metaspace       used 34405K, committed 35456K, reserved 1114112K
  class space    used 4807K, committed 5312K, reserved 1048576K
}
Event: 3.326 GC heap after
{Heap after GC invocations=6 (full 0):
 garbage-first heap   total 110592K, used 31717K [0x0000000600000000, 0x0000000800000000)
  region size 4096K, 2 young (8192K), 2 survivors (8192K)
 Metaspace       used 34405K, committed 35456K, reserved 1114112K
  class space    used 4807K, committed 5312K, reserved 1048576K
}
Event: 3.489 GC heap before
{Heap before GC invocations=6 (full 0):
 garbage-first heap   total 110592K, used 52197K [0x0000000600000000, 0x0000000800000000)
  region size 4096K, 8 young (32768K), 2 survivors (8192K)
 Metaspace       used 34899K, committed 35968K, reserved 1114112K
  class space    used 4890K, committed 5440K, reserved 1048576K
}
Event: 3.493 GC heap after
{Heap after GC invocations=7 (full 0):
 garbage-first heap   total 110592K, used 31896K [0x0000000600000000, 0x0000000800000000)
  region size 4096K, 1 young (4096K), 1 survivors (4096K)
 Metaspace       used 34899K, committed 35968K, reserved 1114112K
  class space    used 4890K, committed 5440K, reserved 1048576K
}
Event: 4.573 GC heap before
{Heap before GC invocations=8 (full 0):
 garbage-first heap   total 110592K, used 93336K [0x0000000600000000, 0x0000000800000000)
  region size 4096K, 16 young (65536K), 1 survivors (4096K)
 Metaspace       used 41604K, committed 43136K, reserved 1114112K
  class space    used 6040K, committed 6784K, reserved 1048576K
}
Event: 4.576 GC heap after
{Heap after GC invocations=9 (full 0):
 garbage-first heap   total 110592K, used 35484K [0x0000000600000000, 0x0000000800000000)
  region size 4096K, 2 young (8192K), 2 survivors (8192K)
 Metaspace       used 41604K, committed 43136K, reserved 1114112K
  class space    used 6040K, committed 6784K, reserved 1048576K
}
Event: 5.185 GC heap before
{Heap before GC invocations=9 (full 0):
 garbage-first heap   total 110592K, used 92828K [0x0000000600000000, 0x0000000800000000)
  region size 4096K, 16 young (65536K), 2 survivors (8192K)
 Metaspace       used 45319K, committed 47040K, reserved 1114112K
  class space    used 6688K, committed 7488K, reserved 1048576K
}
Event: 5.189 GC heap after
{Heap after GC invocations=10 (full 0):
 garbage-first heap   total 110592K, used 37869K [0x0000000600000000, 0x0000000800000000)
  region size 4096K, 2 young (8192K), 2 survivors (8192K)
 Metaspace       used 45319K, committed 47040K, reserved 1114112K
  class space    used 6688K, committed 7488K, reserved 1048576K
}
Event: 7.768 GC heap before
{Heap before GC invocations=10 (full 0):
 garbage-first heap   total 110592K, used 95213K [0x0000000600000000, 0x0000000800000000)
  region size 4096K, 16 young (65536K), 2 survivors (8192K)
 Metaspace       used 49324K, committed 51072K, reserved 1114112K
  class space    used 7312K, committed 8192K, reserved 1048576K
}
Event: 7.773 GC heap after
{Heap after GC invocations=11 (full 0):
 garbage-first heap   total 110592K, used 42526K [0x0000000600000000, 0x0000000800000000)
  region size 4096K, 2 young (8192K), 2 survivors (8192K)
 Metaspace       used 49324K, committed 51072K, reserved 1114112K
  class space    used 7312K, committed 8192K, reserved 1048576K
}
Event: 8.300 GC heap before
{Heap before GC invocations=11 (full 0):
 garbage-first heap   total 110592K, used 99870K [0x0000000600000000, 0x0000000800000000)
  region size 4096K, 15 young (61440K), 2 survivors (8192K)
 Metaspace       used 53844K, committed 55744K, reserved 1114112K
  class space    used 8035K, committed 8960K, reserved 1048576K
}
Event: 8.304 GC heap after
{Heap after GC invocations=12 (full 0):
 garbage-first heap   total 118784K, used 53412K [0x0000000600000000, 0x0000000800000000)
  region size 4096K, 2 young (8192K), 2 survivors (8192K)
 Metaspace       used 53844K, committed 55744K, reserved 1114112K
  class space    used 8035K, committed 8960K, reserved 1048576K
}
Event: 8.633 GC heap before
{Heap before GC invocations=12 (full 0):
 garbage-first heap   total 118784K, used 90276K [0x0000000600000000, 0x0000000800000000)
  region size 4096K, 12 young (49152K), 2 survivors (8192K)
 Metaspace       used 58241K, committed 60096K, reserved 1114112K
  class space    used 8614K, committed 9536K, reserved 1048576K
}
Event: 8.637 GC heap after
{Heap after GC invocations=13 (full 0):
 garbage-first heap   total 118784K, used 53965K [0x0000000600000000, 0x0000000800000000)
  region size 4096K, 1 young (4096K), 1 survivors (4096K)
 Metaspace       used 58241K, committed 60096K, reserved 1114112K
  class space    used 8614K, committed 9536K, reserved 1048576K
}
Event: 9.061 GC heap before
{Heap before GC invocations=14 (full 0):
 garbage-first heap   total 118784K, used 103117K [0x0000000600000000, 0x0000000800000000)
  region size 4096K, 13 young (53248K), 1 survivors (4096K)
 Metaspace       used 62317K, committed 64320K, reserved 1114112K
  class space    used 9189K, committed 10176K, reserved 1048576K
}
Event: 9.063 GC heap after
{Heap after GC invocations=15 (full 0):
 garbage-first heap   total 118784K, used 56030K [0x0000000600000000, 0x0000000800000000)
  region size 4096K, 1 young (4096K), 1 survivors (4096K)
 Metaspace       used 62317K, committed 64320K, reserved 1114112K
  class space    used 9189K, committed 10176K, reserved 1048576K
}
Event: 9.522 GC heap before
{Heap before GC invocations=15 (full 0):
 garbage-first heap   total 118784K, used 105182K [0x0000000600000000, 0x0000000800000000)
  region size 4096K, 13 young (53248K), 1 survivors (4096K)
 Metaspace       used 65523K, committed 67520K, reserved 1114112K
  class space    used 9653K, committed 10624K, reserved 1048576K
}
Event: 9.527 GC heap after
{Heap after GC invocations=16 (full 0):
 garbage-first heap   total 122880K, used 61755K [0x0000000600000000, 0x0000000800000000)
  region size 4096K, 2 young (8192K), 2 survivors (8192K)
 Metaspace       used 65523K, committed 67520K, reserved 1114112K
  class space    used 9653K, committed 10624K, reserved 1048576K
}
Event: 10.025 GC heap before
{Heap before GC invocations=16 (full 0):
 garbage-first heap   total 122880K, used 106811K [0x0000000600000000, 0x0000000800000000)
  region size 4096K, 13 young (53248K), 2 survivors (8192K)
 Metaspace       used 68306K, committed 70272K, reserved 1114112K
  class space    used 10043K, committed 11008K, reserved 1048576K
}
Event: 10.029 GC heap after
{Heap after GC invocations=17 (full 0):
 garbage-first heap   total 122880K, used 65823K [0x0000000600000000, 0x0000000800000000)
  region size 4096K, 2 young (8192K), 2 survivors (8192K)
 Metaspace       used 68306K, committed 70272K, reserved 1114112K
  class space    used 10043K, committed 11008K, reserved 1048576K
}

Dll operation events (14 events):
Event: 0.006 Loaded shared library C:\Users\Ahmad Rafi\.vscode\extensions\redhat.java-1.54.0-win32-x64\jre\21.0.10-win32-x86_64\bin\java.dll
Event: 0.039 Loaded shared library C:\Users\Ahmad Rafi\.vscode\extensions\redhat.java-1.54.0-win32-x64\jre\21.0.10-win32-x86_64\bin\zip.dll
Event: 0.050 Loaded shared library C:\Users\Ahmad Rafi\.vscode\extensions\redhat.java-1.54.0-win32-x64\jre\21.0.10-win32-x86_64\bin\instrument.dll
Event: 0.054 Loaded shared library C:\Users\Ahmad Rafi\.vscode\extensions\redhat.java-1.54.0-win32-x64\jre\21.0.10-win32-x86_64\bin\net.dll
Event: 0.055 Loaded shared library C:\Users\Ahmad Rafi\.vscode\extensions\redhat.java-1.54.0-win32-x64\jre\21.0.10-win32-x86_64\bin\nio.dll
Event: 0.057 Loaded shared library C:\Users\Ahmad Rafi\.vscode\extensions\redhat.java-1.54.0-win32-x64\jre\21.0.10-win32-x86_64\bin\zip.dll
Event: 0.257 Loaded shared library C:\Users\Ahmad Rafi\.vscode\extensions\redhat.java-1.54.0-win32-x64\jre\21.0.10-win32-x86_64\bin\jimage.dll
Event: 0.353 Loaded shared library C:\Users\Ahmad Rafi\.vscode\extensions\redhat.java-1.54.0-win32-x64\jre\21.0.10-win32-x86_64\bin\verify.dll
Event: 0.412 Loaded shared library C:\Users\Ahmad Rafi\.gradle\native\1def1411415f61bf3af743bc5b6707747c0891f09f0c88961ee8f79bc544acac\windows-amd64\native-platform.dll
Event: 0.420 Loaded shared library C:\Users\Ahmad Rafi\.gradle\native\0.2.7\x86_64-windows-gnu\gradle-fileevents.dll
Event: 1.165 Loaded shared library C:\Users\Ahmad Rafi\.vscode\extensions\redhat.java-1.54.0-win32-x64\jre\21.0.10-win32-x86_64\bin\management.dll
Event: 1.167 Loaded shared library C:\Users\Ahmad Rafi\.vscode\extensions\redhat.java-1.54.0-win32-x64\jre\21.0.10-win32-x86_64\bin\management_ext.dll
Event: 1.277 Loaded shared library C:\Users\Ahmad Rafi\.vscode\extensions\redhat.java-1.54.0-win32-x64\jre\21.0.10-win32-x86_64\bin\extnet.dll
Event: 1.405 Loaded shared library C:\Users\Ahmad Rafi\.vscode\extensions\redhat.java-1.54.0-win32-x64\jre\21.0.10-win32-x86_64\bin\sunmscapi.dll

Deoptimization events (20 events):
Event: 10.033 Thread 0x000001d83709f1a0 Uncommon trap: trap_request=0xffffffde fr.pc=0x000001d790868360 relative=0x0000000000000940
Event: 10.033 Thread 0x000001d83709f1a0 Uncommon trap: reason=class_check action=maybe_recompile pc=0x000001d790868360 method=com.google.common.collect.Sets$1$1.computeNext()Ljava/lang/Object; @ 16 c2
Event: 10.033 Thread 0x000001d83709f1a0 DEOPT PACKING pc=0x000001d790868360 sp=0x0000008c0f1f82a0
Event: 10.033 Thread 0x000001d83709f1a0 DEOPT UNPACKING pc=0x000001d78fca4422 sp=0x0000008c0f1f81b0 mode 2
Event: 10.033 Thread 0x000001d83709f1a0 Uncommon trap: trap_request=0xffffffde fr.pc=0x000001d790868360 relative=0x0000000000000940
Event: 10.033 Thread 0x000001d83709f1a0 Uncommon trap: reason=class_check action=maybe_recompile pc=0x000001d790868360 method=com.google.common.collect.Sets$1$1.computeNext()Ljava/lang/Object; @ 16 c2
Event: 10.033 Thread 0x000001d83709f1a0 DEOPT PACKING pc=0x000001d790868360 sp=0x0000008c0f1f82a0
Event: 10.033 Thread 0x000001d83709f1a0 DEOPT UNPACKING pc=0x000001d78fca4422 sp=0x0000008c0f1f81b0 mode 2
Event: 10.035 Thread 0x000001d83709f1a0 Uncommon trap: trap_request=0xffffffc6 fr.pc=0x000001d790858208 relative=0x00000000000004a8
Event: 10.035 Thread 0x000001d83709f1a0 Uncommon trap: reason=bimorphic_or_optimized_type_check action=maybe_recompile pc=0x000001d790858208 method=com.google.common.collect.NaturalOrdering.compare(Ljava/lang/Comparable;Ljava/lang/Comparable;)I @ 12 c2
Event: 10.035 Thread 0x000001d83709f1a0 DEOPT PACKING pc=0x000001d790858208 sp=0x0000008c0f1f7ce0
Event: 10.035 Thread 0x000001d83709f1a0 DEOPT UNPACKING pc=0x000001d78fca4422 sp=0x0000008c0f1f7c08 mode 2
Event: 10.046 Thread 0x000001d83709f1a0 DEOPT PACKING pc=0x000001d78093688e sp=0x0000008c0f1f6a20
Event: 10.046 Thread 0x000001d83709f1a0 DEOPT UNPACKING pc=0x000001d78fca4bc2 sp=0x0000008c0f1f5fe0 mode 0
Event: 10.093 Thread 0x000001d83709f1a0 DEOPT PACKING pc=0x000001d7809368b4 sp=0x0000008c0f1f66c0
Event: 10.093 Thread 0x000001d83709f1a0 DEOPT UNPACKING pc=0x000001d78fca4bc2 sp=0x0000008c0f1f5c80 mode 0
Event: 10.158 Thread 0x000001d83709f1a0 Uncommon trap: trap_request=0xffffff45 fr.pc=0x000001d7906122bc relative=0x000000000000009c
Event: 10.158 Thread 0x000001d83709f1a0 Uncommon trap: reason=unstable_if action=reinterpret pc=0x000001d7906122bc method=java.util.HashMap$HashMapSpliterator.getFence()I @ 37 c2
Event: 10.158 Thread 0x000001d83709f1a0 DEOPT PACKING pc=0x000001d7906122bc sp=0x0000008c0f1f62d0
Event: 10.158 Thread 0x000001d83709f1a0 DEOPT UNPACKING pc=0x000001d78fca4422 sp=0x0000008c0f1f6248 mode 2

Classes loaded (20 events):
Event: 9.824 Loading class java/net/spi/InetAddressResolverProvider
Event: 9.824 Loading class java/net/spi/InetAddressResolverProvider done
Event: 9.827 Loading class sun/net/InetAddressCachePolicy
Event: 9.827 Loading class sun/net/InetAddressCachePolicy done
Event: 9.827 Loading class sun/net/InetAddressCachePolicy$1
Event: 9.827 Loading class sun/net/InetAddressCachePolicy$1 done
Event: 9.827 Loading class java/net/InetAddress$CachedLookup
Event: 9.827 Loading class java/net/InetAddress$CachedLookup done
Event: 9.827 Loading class java/net/InetAddress$CachedLocalHost
Event: 9.827 Loading class java/net/InetAddress$CachedLocalHost done
Event: 9.854 Loading class sun/reflect/annotation/AnnotationInvocationHandler$1
Event: 9.854 Loading class sun/reflect/annotation/AnnotationInvocationHandler$1 done
Event: 9.985 Loading class java/lang/AbstractMethodError
Event: 9.985 Loading class java/lang/AbstractMethodError done
Event: 9.993 Loading class sun/invoke/util/ValueConversions$1
Event: 9.993 Loading class sun/invoke/util/ValueConversions$1 done
Event: 9.994 Loading class java/lang/invoke/BoundMethodHandle$Species_LI
Event: 9.994 Loading class java/lang/invoke/BoundMethodHandle$Species_LI done
Event: 10.013 Loading class java/util/Comparators$NaturalOrderComparator
Event: 10.013 Loading class java/util/Comparators$NaturalOrderComparator done

Classes unloaded (0 events):
No events

Classes redefined (0 events):
No events

Internal exceptions (20 events):
Event: 9.319 Thread 0x000001d83709f1a0 Exception <a 'java/lang/ClassNotFoundException'{0x0000000603e53b00}: org/jetbrains/kotlin/gradle/targets/js/npm/NpmDependencyExtensionDelegateBeanInfo> (0x0000000603e53b00) 
thrown [s\src\hotspot\share\classfile\systemDictionary.cpp, line 312]
Event: 9.319 Thread 0x000001d83709f1a0 Exception <a 'java/lang/ClassNotFoundException'{0x0000000603e63c20}: org/jetbrains/kotlin/gradle/targets/js/npm/NpmDependencyExtensionDelegateCustomizer> (0x0000000603e63c20) 
thrown [s\src\hotspot\share\classfile\systemDictionary.cpp, line 312]
Event: 9.321 Thread 0x000001d83709f1a0 Exception <a 'java/lang/ClassNotFoundException'{0x0000000603ea26f0}: org/jetbrains/kotlin/gradle/targets/js/npm/NpmDependencyExtensionKt$defaultNpmDependencyDelegate$1Customizer> (0x0000000603ea26f0) 
thrown [s\src\hotspot\share\classfile\systemDictionary.cpp, line 312]
Event: 9.325 Thread 0x000001d83709f1a0 Exception <a 'java/lang/ClassNotFoundException'{0x0000000603ef0520}: org/jetbrains/kotlin/gradle/targets/js/npm/DefaultDevNpmDependencyExtensionBeanInfo> (0x0000000603ef0520) 
thrown [s\src\hotspot\share\classfile\systemDictionary.cpp, line 312]
Event: 9.325 Thread 0x000001d83709f1a0 Exception <a 'java/lang/ClassNotFoundException'{0x0000000603eff628}: org/jetbrains/kotlin/gradle/targets/js/npm/DefaultDevNpmDependencyExtensionCustomizer> (0x0000000603eff628) 
thrown [s\src\hotspot\share\classfile\systemDictionary.cpp, line 312]
Event: 9.328 Thread 0x000001d83709f1a0 Exception <a 'java/lang/ClassNotFoundException'{0x0000000603f57948}: org/jetbrains/kotlin/gradle/targets/js/npm/DefaultPeerNpmDependencyExtensionBeanInfo> (0x0000000603f57948) 
thrown [s\src\hotspot\share\classfile\systemDictionary.cpp, line 312]
Event: 9.328 Thread 0x000001d83709f1a0 Exception <a 'java/lang/ClassNotFoundException'{0x0000000603f66a58}: org/jetbrains/kotlin/gradle/targets/js/npm/DefaultPeerNpmDependencyExtensionCustomizer> (0x0000000603f66a58) 
thrown [s\src\hotspot\share\classfile\systemDictionary.cpp, line 312]
Event: 9.331 Thread 0x000001d83709f1a0 Exception <a 'java/lang/ClassNotFoundException'{0x0000000603fce7d8}: org/jetbrains/kotlin/gradle/targets/js/npm/DefaultPeerNpmDependencyExtension$delegate$1BeanInfo> (0x0000000603fce7d8) 
thrown [s\src\hotspot\share\classfile\systemDictionary.cpp, line 312]
Event: 9.332 Thread 0x000001d83709f1a0 Exception <a 'java/lang/ClassNotFoundException'{0x0000000603fde748}: org/jetbrains/kotlin/gradle/targets/js/npm/DefaultPeerNpmDependencyExtension$delegate$1Customizer> (0x0000000603fde748) 
thrown [s\src\hotspot\share\classfile\systemDictionary.cpp, line 312]
Event: 9.484 Thread 0x000001d83709f1a0 Exception <a 'java/lang/NoSuchMethodError'{0x0000000602816828}: 'int java.lang.invoke.DirectMethodHandle$Holder.invokeSpecialIFC(java.lang.Object, java.lang.Object, java.lang.Object, java.lang.Object, java.lang.Object)'> (0x0000000602816828) 
thrown [s\src\hotspot\share\interpreter\linkResolver.cpp, line 773]
Event: 9.899 Thread 0x000001d83709f1a0 Exception <a 'java/lang/NoSuchMethodError'{0x0000000603a6ae70}: 'void java.lang.invoke.DirectMethodHandle$Holder.invokeInterface(java.lang.Object, java.lang.Object, java.lang.Object, java.lang.Object)'> (0x0000000603a6ae70) 
thrown [s\src\hotspot\share\interpreter\linkResolver.cpp, line 773]
Event: 9.993 Thread 0x000001d83709f1a0 Exception <a 'java/lang/NoSuchMethodError'{0x0000000603231a40}: 'java.lang.Object java.lang.invoke.DirectMethodHandle$Holder.newInvokeSpecial(java.lang.Object, java.lang.Object, int, java.lang.Object)'> (0x0000000603231a40) 
thrown [s\src\hotspot\share\interpreter\linkResolver.cpp, line 773]
Event: 9.993 Thread 0x000001d83709f1a0 Implicit null exception at 0x000001d79050a872 to 0x000001d79050aaf0
Event: 9.993 Thread 0x000001d83709f1a0 Exception <a 'java/lang/NoSuchMethodError'{0x0000000603236870}: 'int java.lang.invoke.DirectMethodHandle$Holder.invokeSpecial(java.lang.Object, java.lang.Object, java.lang.Object, int)'> (0x0000000603236870) 
thrown [s\src\hotspot\share\interpreter\linkResolver.cpp, line 773]
Event: 9.994 Thread 0x000001d83709f1a0 Exception <a 'java/lang/NoSuchMethodError'{0x0000000603247520}: 'java.lang.Object java.lang.invoke.DirectMethodHandle$Holder.invokeStatic(java.lang.Object, java.lang.Object, java.lang.Object, java.lang.Object, int)'> (0x0000000603247520) 
thrown [s\src\hotspot\share\interpreter\linkResolver.cpp, line 773]
Event: 10.121 Thread 0x000001d83709f1a0 Exception <a 'java/lang/NoSuchMethodError'{0x000000060ffd62d8}: 'void java.lang.invoke.DirectMethodHandle$Holder.invokeStaticInit(java.lang.Object)'> (0x000000060ffd62d8) 
thrown [s\src\hotspot\share\interpreter\linkResolver.cpp, line 773]
Event: 10.158 Thread 0x000001d83709f1a0 Implicit null exception at 0x000001d79061227c to 0x000001d7906122ac
Event: 10.167 Thread 0x000001d83709f1a0 Exception <a 'java/lang/NoSuchMethodError'{0x00000006067a9a48}: 'java.lang.Object java.lang.invoke.DirectMethodHandle$Holder.newInvokeSpecial(java.lang.Object, java.lang.Object, java.lang.Object, java.lang.Object, java.lang.Object, java.lang.Object, int)'> (0x00000006067a9a48) 
thrown [s\src\hotspot\share\interpreter\linkResolver.cpp, line 773]
Event: 10.167 Thread 0x000001d83709f1a0 Exception <a 'java/lang/NoSuchMethodError'{0x00000006067af198}: 'java.lang.Object java.lang.invoke.DirectMethodHandle$Holder.invokeSpecial(java.lang.Object, java.lang.Object, java.lang.Object, java.lang.Object, java.lang.Object, java.lang.Object, java.lang.Object, int)'> (0x00000006067af198) 
thrown [s\src\hotspot\share\interpreter\linkResolver.cpp, line 773]
Event: 10.167 Thread 0x000001d83709f1a0 Exception <a 'java/lang/NoSuchMethodError'{0x00000006067b42b0}: 'java.lang.Object java.lang.invoke.Invokers$Holder.linkToTargetMethod(java.lang.Object, java.lang.Object, java.lang.Object, java.lang.Object, java.lang.Object, int, java.lang.Object)'> (0x00000006067b42b0) 
thrown [s\src\hotspot\share\interpreter\linkResolver.cpp, line 773]

ZGC Phase Switch (0 events):
No events

VM Operations (20 events):
Event: 8.671 Executing safepoint VM operation: G1PauseCleanup
Event: 8.671 Executing safepoint VM operation: G1PauseCleanup done
Event: 9.047 Executing safepoint VM operation: ICBufferFull
Event: 9.047 Executing safepoint VM operation: ICBufferFull done
Event: 9.061 Executing safepoint VM operation: G1CollectForAllocation (G1 Evacuation Pause)
Event: 9.063 Executing safepoint VM operation: G1CollectForAllocation (G1 Evacuation Pause) done
Event: 9.522 Executing safepoint VM operation: G1CollectForAllocation (G1 Evacuation Pause)
Event: 9.527 Executing safepoint VM operation: G1CollectForAllocation (G1 Evacuation Pause) done
Event: 9.725 Executing safepoint VM operation: ICBufferFull
Event: 9.726 Executing safepoint VM operation: ICBufferFull done
Event: 9.883 Executing non-safepoint VM operation: HandshakeAllThreads (Deoptimize)
Event: 9.883 Executing non-safepoint VM operation: HandshakeAllThreads (Deoptimize) done
Event: 9.940 Executing safepoint VM operation: ICBufferFull
Event: 9.940 Executing safepoint VM operation: ICBufferFull done
Event: 10.025 Executing safepoint VM operation: G1CollectForAllocation (G1 Evacuation Pause)
Event: 10.029 Executing safepoint VM operation: G1CollectForAllocation (G1 Evacuation Pause) done
Event: 10.053 Executing safepoint VM operation: G1PauseRemark
Event: 10.057 Executing safepoint VM operation: G1PauseRemark done
Event: 10.064 Executing safepoint VM operation: G1PauseCleanup
Event: 10.064 Executing safepoint VM operation: G1PauseCleanup done

Memory protections (0 events):
No events

Nmethod flushes (20 events):
Event: 10.056 Thread 0x000001d7ecee99d0 flushing  nmethod 0x000001d78040e410
Event: 10.056 Thread 0x000001d7ecee99d0 flushing  nmethod 0x000001d78040ec90
Event: 10.056 Thread 0x000001d7ecee99d0 flushing  nmethod 0x000001d780412910
Event: 10.056 Thread 0x000001d7ecee99d0 flushing  nmethod 0x000001d7804dd710
Event: 10.056 Thread 0x000001d7ecee99d0 flushing  nmethod 0x000001d7804e5390
Event: 10.056 Thread 0x000001d7ecee99d0 flushing  nmethod 0x000001d780639610
Event: 10.056 Thread 0x000001d7ecee99d0 flushing  nmethod 0x000001d78065e290
Event: 10.056 Thread 0x000001d7ecee99d0 flushing  nmethod 0x000001d78065eb10
Event: 10.056 Thread 0x000001d7ecee99d0 flushing  nmethod 0x000001d780660410
Event: 10.056 Thread 0x000001d7ecee99d0 flushing  nmethod 0x000001d780662f90
Event: 10.056 Thread 0x000001d7ecee99d0 flushing  nmethod 0x000001d780665210
Event: 10.056 Thread 0x000001d7ecee99d0 flushing  nmethod 0x000001d780665510
Event: 10.056 Thread 0x000001d7ecee99d0 flushing  nmethod 0x000001d7808c1e90
Event: 10.056 Thread 0x000001d7ecee99d0 flushing  nmethod 0x000001d7808c4210
Event: 10.056 Thread 0x000001d7ecee99d0 flushing  nmethod 0x000001d7808c7310
Event: 10.056 Thread 0x000001d7ecee99d0 flushing  nmethod 0x000001d7808c9190
Event: 10.056 Thread 0x000001d7ecee99d0 flushing  nmethod 0x000001d7809a5910
Event: 10.056 Thread 0x000001d7ecee99d0 flushing  nmethod 0x000001d7809ab510
Event: 10.056 Thread 0x000001d7ecee99d0 flushing  nmethod 0x000001d7809aba10
Event: 10.056 Thread 0x000001d7ecee99d0 flushing  nmethod 0x000001d7809d4210

Events (20 events):
Event: 7.737 Thread 0x000001d83709f1a0 Thread added: 0x000001d835ecbd90
Event: 7.737 Thread 0x000001d83709f1a0 Thread added: 0x000001d835eca9e0
Event: 7.738 Thread 0x000001d83709f1a0 Thread added: 0x000001d835ecb070
Event: 7.739 Thread 0x000001d83709f1a0 Thread added: 0x000001d835ecb700
Event: 7.739 Thread 0x000001d83709f1a0 Thread added: 0x000001d835ec8910
Event: 7.739 Thread 0x000001d83709f1a0 Thread added: 0x000001d835ec8fa0
Event: 7.740 Thread 0x000001d83709f1a0 Thread added: 0x000001d839cc6b20
Event: 7.740 Thread 0x000001d83709f1a0 Thread added: 0x000001d839cc50e0
Event: 7.741 Thread 0x000001d83709f1a0 Thread added: 0x000001d839cc71b0
Event: 7.742 Thread 0x000001d83709f1a0 Thread added: 0x000001d839cc5e00
Event: 7.742 Thread 0x000001d83709f1a0 Thread added: 0x000001d839cc4a50
Event: 7.743 Thread 0x000001d83709f1a0 Thread added: 0x000001d839cc5770
Event: 7.765 Thread 0x000001d835031230 Thread added: 0x000001d838e14910
Event: 7.773 Thread 0x000001d835031230 Thread added: 0x000001d838e14fe0
Event: 7.986 Thread 0x000001d83709f1a0 Thread added: 0x000001d839cc43c0
Event: 8.476 Thread 0x000001d838e14fe0 Thread exited: 0x000001d838e14fe0
Event: 8.478 Thread 0x000001d838e14910 Thread exited: 0x000001d838e14910
Event: 8.496 Thread 0x000001d835031fd0 Thread exited: 0x000001d835031fd0
Event: 8.716 Thread 0x000001d835031230 Thread added: 0x000001d835031fd0
Event: 8.769 Thread 0x000001d83709f1a0 Thread added: 0x000001d839ccb350


Dynamic libraries:
0x00007ff674450000 - 0x00007ff67445e000 	C:\Users\Ahmad Rafi\.vscode\extensions\redhat.java-1.54.0-win32-x64\jre\21.0.10-win32-x86_64\bin\java.exe
0x00007ffed10c0000 - 0x00007ffed1327000 	C:\Windows\SYSTEM32\ntdll.dll
0x00007ffecfcb0000 - 0x00007ffecfd79000 	C:\Windows\System32\KERNEL32.DLL
0x00007ffece620000 - 0x00007ffecea17000 	C:\Windows\System32\KERNELBASE.dll
0x00007ffecec10000 - 0x00007ffeced5b000 	C:\Windows\System32\ucrtbase.dll
0x00007ffe9e420000 - 0x00007ffe9e438000 	C:\Users\Ahmad Rafi\.vscode\extensions\redhat.java-1.54.0-win32-x64\jre\21.0.10-win32-x86_64\bin\jli.dll
0x00007ffecfae0000 - 0x00007ffecfca6000 	C:\Windows\System32\USER32.dll
0x00007ffe9d710000 - 0x00007ffe9d72e000 	C:\Users\Ahmad Rafi\.vscode\extensions\redhat.java-1.54.0-win32-x64\jre\21.0.10-win32-x86_64\bin\VCRUNTIME140.dll
0x00007ffeced60000 - 0x00007ffeced87000 	C:\Windows\System32\win32u.dll
0x00007ffeb1570000 - 0x00007ffeb1802000 	C:\Windows\WinSxS\amd64_microsoft.windows.common-controls_6595b64144ccf1df_6.0.26100.8457_none_3e0b2faee331e92d\COMCTL32.dll
0x00007ffed0510000 - 0x00007ffed053b000 	C:\Windows\System32\GDI32.dll
0x00007ffecf0b0000 - 0x00007ffecf159000 	C:\Windows\System32\msvcrt.dll
0x00007ffeceae0000 - 0x00007ffecec0c000 	C:\Windows\System32\gdi32full.dll
0x00007ffeced90000 - 0x00007ffecee33000 	C:\Windows\System32\msvcp_win.dll
0x00007ffed0ff0000 - 0x00007ffed1022000 	C:\Windows\System32\IMM32.DLL
0x00007ffeb59d0000 - 0x00007ffeb59dc000 	C:\Users\Ahmad Rafi\.vscode\extensions\redhat.java-1.54.0-win32-x64\jre\21.0.10-win32-x86_64\bin\vcruntime140_1.dll
0x00007ffe98ec0000 - 0x00007ffe98f4d000 	C:\Users\Ahmad Rafi\.vscode\extensions\redhat.java-1.54.0-win32-x64\jre\21.0.10-win32-x86_64\bin\msvcp140.dll
0x00007ffe286a0000 - 0x00007ffe29441000 	C:\Users\Ahmad Rafi\.vscode\extensions\redhat.java-1.54.0-win32-x64\jre\21.0.10-win32-x86_64\bin\server\jvm.dll
0x00007ffed0f30000 - 0x00007ffed0fe6000 	C:\Windows\System32\ADVAPI32.dll
0x00007ffed0890000 - 0x00007ffed0937000 	C:\Windows\System32\sechost.dll
0x00007ffecf620000 - 0x00007ffecf738000 	C:\Windows\System32\RPCRT4.dll
0x00007ffecf590000 - 0x00007ffecf610000 	C:\Windows\System32\WS2_32.dll
0x00007ffecd950000 - 0x00007ffecd9ae000 	C:\Windows\SYSTEM32\POWRPROF.dll
0x00007ffebfe90000 - 0x00007ffebfec6000 	C:\Windows\SYSTEM32\WINMM.dll
0x00007ffec61c0000 - 0x00007ffec61cb000 	C:\Windows\SYSTEM32\VERSION.dll
0x00007ffecd930000 - 0x00007ffecd944000 	C:\Windows\SYSTEM32\UMPDC.dll
0x00007ffecc880000 - 0x00007ffecc89b000 	C:\Windows\SYSTEM32\kernel.appcore.dll
0x00007ffeb5960000 - 0x00007ffeb596a000 	C:\Users\Ahmad Rafi\.vscode\extensions\redhat.java-1.54.0-win32-x64\jre\21.0.10-win32-x86_64\bin\jimage.dll
0x00007ffecb5a0000 - 0x00007ffecb7e2000 	C:\Windows\SYSTEM32\DBGHELP.DLL
0x00007ffecf740000 - 0x00007ffecfac3000 	C:\Windows\System32\combase.dll
0x00007ffed05b0000 - 0x00007ffed0689000 	C:\Windows\System32\OLEAUT32.dll
0x00007ffea61a0000 - 0x00007ffea61db000 	C:\Windows\SYSTEM32\dbgcore.DLL
0x00007ffecdaf0000 - 0x00007ffecdb98000 	C:\Windows\System32\bcryptPrimitives.dll
0x00007ffe9d6e0000 - 0x00007ffe9d6ef000 	C:\Users\Ahmad Rafi\.vscode\extensions\redhat.java-1.54.0-win32-x64\jre\21.0.10-win32-x86_64\bin\instrument.dll
0x00007ffe9d6f0000 - 0x00007ffe9d710000 	C:\Users\Ahmad Rafi\.vscode\extensions\redhat.java-1.54.0-win32-x64\jre\21.0.10-win32-x86_64\bin\java.dll
0x00007ffecfd80000 - 0x00007ffed04ee000 	C:\Windows\System32\SHELL32.dll
0x00007ffecdba0000 - 0x00007ffece40c000 	C:\Windows\System32\windows.storage.dll
0x00007ffecf160000 - 0x00007ffecf256000 	C:\Windows\System32\SHCORE.dll
0x00007ffed0540000 - 0x00007ffed05a6000 	C:\Windows\System32\shlwapi.dll
0x00007ffecda10000 - 0x00007ffecda39000 	C:\Windows\SYSTEM32\profapi.dll
0x00007ffe9b890000 - 0x00007ffe9b8a8000 	C:\Users\Ahmad Rafi\.vscode\extensions\redhat.java-1.54.0-win32-x64\jre\21.0.10-win32-x86_64\bin\zip.dll
0x00007ffeafcd0000 - 0x00007ffeafce0000 	C:\Users\Ahmad Rafi\.vscode\extensions\redhat.java-1.54.0-win32-x64\jre\21.0.10-win32-x86_64\bin\net.dll
0x00007ffec72e0000 - 0x00007ffec7409000 	C:\Windows\SYSTEM32\WINHTTP.dll
0x00007ffeccdf0000 - 0x00007ffecce5c000 	C:\Windows\system32\mswsock.dll
0x00007ffe9a5b0000 - 0x00007ffe9a5c6000 	C:\Users\Ahmad Rafi\.vscode\extensions\redhat.java-1.54.0-win32-x64\jre\21.0.10-win32-x86_64\bin\nio.dll
0x00007ffe9a5a0000 - 0x00007ffe9a5b0000 	C:\Users\Ahmad Rafi\.vscode\extensions\redhat.java-1.54.0-win32-x64\jre\21.0.10-win32-x86_64\bin\verify.dll
0x00007ffe42500000 - 0x00007ffe42527000 	C:\Users\Ahmad Rafi\.gradle\native\1def1411415f61bf3af743bc5b6707747c0891f09f0c88961ee8f79bc544acac\windows-amd64\native-platform.dll
0x00007ffe42220000 - 0x00007ffe42298000 	C:\Users\Ahmad Rafi\.gradle\native\0.2.7\x86_64-windows-gnu\gradle-fileevents.dll
0x00007ffe912b0000 - 0x00007ffe912ba000 	C:\Users\Ahmad Rafi\.vscode\extensions\redhat.java-1.54.0-win32-x64\jre\21.0.10-win32-x86_64\bin\management.dll
0x00007ffe912a0000 - 0x00007ffe912ac000 	C:\Users\Ahmad Rafi\.vscode\extensions\redhat.java-1.54.0-win32-x64\jre\21.0.10-win32-x86_64\bin\management_ext.dll
0x00007ffed0500000 - 0x00007ffed0508000 	C:\Windows\System32\PSAPI.DLL
0x00007ffecc300000 - 0x00007ffecc332000 	C:\Windows\SYSTEM32\IPHLPAPI.DLL
0x00007ffecfad0000 - 0x00007ffecfada000 	C:\Windows\System32\NSI.dll
0x00007ffe9dd50000 - 0x00007ffe9dd59000 	C:\Users\Ahmad Rafi\.vscode\extensions\redhat.java-1.54.0-win32-x64\jre\21.0.10-win32-x86_64\bin\extnet.dll
0x00007ffecd0d0000 - 0x00007ffecd0eb000 	C:\Windows\SYSTEM32\CRYPTSP.dll
0x00007ffecc7e0000 - 0x00007ffecc819000 	C:\Windows\system32\rsaenh.dll
0x00007ffeccea0000 - 0x00007ffecced3000 	C:\Windows\SYSTEM32\USERENV.dll
0x00007ffecd9e0000 - 0x00007ffecda0a000 	C:\Windows\SYSTEM32\bcrypt.dll
0x00007ffecd0f0000 - 0x00007ffecd0fc000 	C:\Windows\SYSTEM32\CRYPTBASE.dll
0x00007ffea0700000 - 0x00007ffea070e000 	C:\Users\Ahmad Rafi\.vscode\extensions\redhat.java-1.54.0-win32-x64\jre\21.0.10-win32-x86_64\bin\sunmscapi.dll
0x00007ffece4a0000 - 0x00007ffece618000 	C:\Windows\System32\CRYPT32.dll
0x00007ffecd2f0000 - 0x00007ffecd320000 	C:\Windows\SYSTEM32\ncrypt.dll
0x00007ffecd2a0000 - 0x00007ffecd2df000 	C:\Windows\SYSTEM32\NTASN1.dll
0x00007ffe7ac70000 - 0x00007ffe7ac78000 	C:\Windows\system32\wshunix.dll
0x00007ffe93870000 - 0x00007ffe93888000 	C:\Windows\system32\napinsp.dll
0x00007ffecc3e0000 - 0x00007ffecc512000 	C:\Windows\SYSTEM32\DNSAPI.dll
0x00007ffe93850000 - 0x00007ffe93863000 	C:\Windows\System32\winrnr.dll
0x00007ffe93820000 - 0x00007ffe93842000 	C:\Windows\system32\nlansp_c.dll
0x00007ffec53f0000 - 0x00007ffec5406000 	C:\Windows\system32\wshbth.dll
0x0000000062a70000 - 0x0000000062a96000 	C:\Program Files\Bonjour\mdnsNSP.dll
0x00007ffec6ab0000 - 0x00007ffec6abb000 	C:\Windows\System32\rasadhlp.dll
0x00007ffec7a30000 - 0x00007ffec7ab6000 	C:\Windows\System32\fwpuclnt.dll

JVMTI agents:
C:\Users\Ahmad Rafi\.gradle\wrapper\dists\gradle-8.14-all\c2qonpi39x1mddn7hk5gh9iqj\gradle-8.14\lib\agents\gradle-instrumentation-agent-8.14.jar path:C:\Users\Ahmad Rafi\.vscode\extensions\redhat.java-1.54.0-win32-x64\jre\21.0.10-win32-x86_64\bin\instrument.dll, loaded, initialized, instrumentlib options:none

dbghelp: loaded successfully - version: 4.0.5 - missing functions: none
symbol engine: initialized successfully - sym options: 0x614 - pdb path: .;C:\Users\Ahmad Rafi\.vscode\extensions\redhat.java-1.54.0-win32-x64\jre\21.0.10-win32-x86_64\bin;C:\Windows\SYSTEM32;C:\Windows\WinSxS\amd64_microsoft.windows.common-controls_6595b64144ccf1df_6.0.26100.8457_none_3e0b2faee331e92d;C:\Users\Ahmad Rafi\.vscode\extensions\redhat.java-1.54.0-win32-x64\jre\21.0.10-win32-x86_64\bin\server;C:\Users\Ahmad Rafi\.gradle\native\1def1411415f61bf3af743bc5b6707747c0891f09f0c88961ee8f79bc544acac\windows-amd64;C:\Users\Ahmad Rafi\.gradle\native\0.2.7\x86_64-windows-gnu;C:\Program Files\Bonjour

VM Arguments:
jvm_args: --add-opens=java.base/java.lang=ALL-UNNAMED --add-opens=java.base/java.lang.invoke=ALL-UNNAMED --add-opens=java.base/java.util=ALL-UNNAMED --add-opens=java.prefs/java.util.prefs=ALL-UNNAMED --add-exports=jdk.compiler/com.sun.tools.javac.api=ALL-UNNAMED --add-exports=jdk.compiler/com.sun.tools.javac.util=ALL-UNNAMED --add-opens=java.base/java.util=ALL-UNNAMED --add-opens=java.prefs/java.util.prefs=ALL-UNNAMED --add-opens=java.base/java.nio.charset=ALL-UNNAMED --add-opens=java.base/java.net=ALL-UNNAMED --add-opens=java.base/java.util.concurrent.atomic=ALL-UNNAMED --add-opens=java.xml/javax.xml.namespace=ALL-UNNAMED -XX:MaxMetaspaceSize=4G -XX:ReservedCodeCacheSize=512m -XX:+HeapDumpOnOutOfMemoryError -Xmx8G -Dfile.encoding=UTF-8 -Duser.country=US -Duser.language=en -Duser.variant -javaagent:C:\Users\Ahmad Rafi\.gradle\wrapper\dists\gradle-8.14-all\c2qonpi39x1mddn7hk5gh9iqj\gradle-8.14\lib\agents\gradle-instrumentation-agent-8.14.jar 
java_command: org.gradle.launcher.daemon.bootstrap.GradleDaemon 8.14
java_class_path (initial): C:\Users\Ahmad Rafi\.gradle\wrapper\dists\gradle-8.14-all\c2qonpi39x1mddn7hk5gh9iqj\gradle-8.14\lib\gradle-daemon-main-8.14.jar
Launcher Type: SUN_STANDARD

[Global flags]
     intx CICompilerCount                          = 12                                        {product} {ergonomic}
     uint ConcGCThreads                            = 3                                         {product} {ergonomic}
     uint G1ConcRefinementThreads                  = 13                                        {product} {ergonomic}
   size_t G1HeapRegionSize                         = 4194304                                   {product} {ergonomic}
    uintx GCDrainStackTargetSize                   = 64                                        {product} {ergonomic}
     bool HeapDumpOnOutOfMemoryError               = true                                   {manageable} {command line}
   size_t InitialHeapSize                          = 268435456                                 {product} {ergonomic}
   size_t MarkStackSize                            = 4194304                                   {product} {ergonomic}
   size_t MaxHeapSize                              = 8589934592                                {product} {command line}
   size_t MaxMetaspaceSize                         = 4294967296                                {product} {command line}
   size_t MaxNewSize                               = 5150605312                                {product} {ergonomic}
   size_t MinHeapDeltaBytes                        = 4194304                                   {product} {ergonomic}
   size_t MinHeapSize                              = 8388608                                   {product} {ergonomic}
    uintx NonNMethodCodeHeapSize                   = 7602480                                {pd product} {ergonomic}
    uintx NonProfiledCodeHeapSize                  = 264634216                              {pd product} {ergonomic}
    uintx ProfiledCodeHeapSize                     = 264634216                              {pd product} {ergonomic}
    uintx ReservedCodeCacheSize                    = 536870912                              {pd product} {command line}
     bool SegmentedCodeCache                       = true                                      {product} {ergonomic}
   size_t SoftMaxHeapSize                          = 8589934592                             {manageable} {ergonomic}
     bool UseCompressedOops                        = true                           {product lp64_product} {ergonomic}
     bool UseG1GC                                  = true                                      {product} {ergonomic}
     bool UseLargePagesIndividualAllocation        = false                                  {pd product} {ergonomic}

Logging:
Log output configuration:
 #0: stdout all=warning uptime,level,tags foldmultilines=false
 #1: stderr all=off uptime,level,tags foldmultilines=false

Release file:
JAVA_VERSION="21.0.10" 
MODULES="java.base java.compiler java.datatransfer java.xml java.prefs java.desktop java.instrument java.logging java.management java.security.sasl java.naming java.rmi java.management.rmi java.net.http java.scripting java.security.jgss java.transaction.xa java.sql java.sql.rowset java.xml.crypto java.se java.smartcardio jdk.accessibility jdk.internal.jvmstat jdk.attach jdk.charsets jdk.internal.opt jdk.zipfs jdk.compiler jdk.crypto.ec jdk.crypto.cryptoki jdk.crypto.mscapi jdk.dynalink jdk.internal.ed jdk.editpad jdk.hotspot.agent jdk.httpserver jdk.internal.le jdk.internal.vm.ci jdk.internal.vm.compiler jdk.internal.vm.compiler.management jdk.jartool jdk.javadoc jdk.jcmd jdk.management jdk.management.agent jdk.jconsole jdk.jdeps jdk.jdwp.agent jdk.jdi jdk.jfr jdk.jshell jdk.jsobject jdk.jstatd jdk.localedata jdk.management.jfr jdk.naming.dns jdk.naming.rmi jdk.net jdk.nio.mapmode jdk.random jdk.sctp jdk.security.auth jdk.security.jgss jdk.unsupported jdk.unsupported.desktop jdk.xml.dom" 

Environment Variables:
PATH=C:\Users\Ahmad Rafi\AppData\Local\Programs\Microsoft VS Code;C:\Python314\Scripts\;C:\Python314\;C:\Program Files\Common Files\Oracle\Java\javapath;C:\Windows\system32;C:\Windows;C:\Windows\System32\Wbem;C:\Windows\System32\WindowsPowerShell\v1.0\;C:\Windows\System32\OpenSSH\;C:\Program Files (x86)\NVIDIA Corporation\PhysX\Common;C:\Program Files\dotnet\;C:\Program Files\NVIDIA Corporation\NVIDIA App\NvDLISR;C:\xampp\php;C:\ProgramData\ComposerSetup\bin;C:\Users\Ahmad Rafi\AppData\Local\Programs\Python\Python313\Scripts;C:\Users\Ahmad Rafi\AppData\Local\Programs\Python\Python313;D:\KELAS 2G\Git\cmd;C:\Users\Ahmad Rafi\MOBILE-PROGRAMMING\punya gua\;C:\ProgramData\chocolatey\bin;C:\Users\Ahmad Rafi\AppData\Local\Programs\Python\Launcher\;C:\Users\Ahmad Rafi\AppData\Local\Microsoft\WindowsApps;C:\Users\Ahmad Rafi\AppData\Local\Programs\Microsoft VS Code\bin;C:\Users\Ahmad Rafi\AppData\Roaming\Composer\vendor\bin;C:\src\flutter\bin;D:\Android\Sdk\platform-tools;C:\Users\Ahmad Rafi\AppData\Roaming\npm;C:\Users\Ahmad Rafi\AppData\Roaming\npm;C:\Users\Ahmad Rafi\AppData\Local\Microsoft\WinGet\Links;D:\Windsurf\bin
USERNAME=Ahmad Rafi
OS=Windows_NT
PROCESSOR_IDENTIFIER=AMD64 Family 25 Model 68 Stepping 1, AuthenticAMD
TMP=C:\Users\AHMADR~1\AppData\Local\Temp
TEMP=C:\Users\AHMADR~1\AppData\Local\Temp




Periodic native trim disabled

---------------  S Y S T E M  ---------------

OS:
 Windows 11 , 64 bit Build 26100 (10.0.26100.8328)
OS uptime: 1 days 5:18 hours
Hyper-V role detected

CPU: total 16 (initial active 16) (16 cores per cpu, 2 threads per core) family 25 model 68 stepping 1 microcode 0xa404107, cx8, cmov, fxsr, ht, mmx, 3dnowpref, sse, sse2, sse3, ssse3, sse4a, sse4.1, sse4.2, popcnt, lzcnt, tsc, tscinvbit, avx, avx2, aes, erms, clmul, bmi1, bmi2, adx, sha, fma, vzeroupper, clflush, clflushopt, hv, rdtscp, rdpid, fsrm, f16c, cet_ss
Processor Information for the first 16 processors :
  Max Mhz: 3100, Current Mhz: 3100, Mhz Limit: 3100

Memory: 4k page, system-wide physical 16202M (1348M free)
TotalPageFile size 26569M (AvailPageFile size 24M)
current process WorkingSet (physical memory assigned to process): 351M, peak: 366M
current process commit charge ("private bytes"): 400M, peak: 488M

vm_info: OpenJDK 64-Bit Server VM (21.0.10+7-LTS) for windows-amd64 JRE (21.0.10+7-LTS), built on 2026-01-20T00:00:00Z by "admin" with MS VC++ 17.12 (VS2022)

END.
