#
# There is insufficient memory for the Java Runtime Environment to continue.
# Native memory allocation (malloc) failed to allocate 1680640 bytes. Error detail: Chunk::new
# Possible reasons:
#   The system is out of physical RAM or swap space
#   This process is running with CompressedOops enabled, and the Java Heap may be blocking the growth of the native heap
# Possible solutions:
#   Reduce memory load on the system
#   Increase physical memory or swap space
#   Check if swap backing store is full
#   Decrease Java heap size (-Xmx/-Xms)
#   Decrease number of Java threads
#   Decrease Java thread stack sizes (-Xss)
#   Set larger code cache with -XX:ReservedCodeCacheSize=
#   JVM is running with Unscaled Compressed Oops mode in which the Java heap is
#     placed in the first 4GB address space. The Java Heap base address is the
#     maximum limit for the native heap growth. Please use -XX:HeapBaseMinAddress
#     to set the Java Heap base and to place the Java Heap above 4GB virtual address.
# This output file may be truncated or incomplete.
#
#  Out of Memory Error (arena.cpp:168), pid=10300, tid=18928
#
# JRE version: OpenJDK Runtime Environment Temurin-21.0.10+7 (21.0.10+7) (build 21.0.10+7-LTS)
# Java VM: OpenJDK 64-Bit Server VM Temurin-21.0.10+7 (21.0.10+7-LTS, mixed mode, sharing, tiered, compressed oops, compressed class ptrs, parallel gc, windows-amd64)
# No core dump will be written. Minidumps are not enabled by default on client versions of Windows
#

---------------  S U M M A R Y ------------

Command Line: --add-modules=ALL-SYSTEM --add-opens=java.base/java.util=ALL-UNNAMED --add-opens=java.base/java.lang=ALL-UNNAMED --add-opens=java.base/sun.nio.fs=ALL-UNNAMED -Declipse.application=org.eclipse.jdt.ls.core.id1 -Dosgi.bundles.defaultStartLevel=4 -Declipse.product=org.eclipse.jdt.ls.core.product -Djava.import.generatesMetadataFilesAtProjectRoot=false -DDetectVMInstallationsJob.disabled=true -Dfile.encoding=utf8 -XX:+UseParallelGC -XX:GCTimeRatio=4 -XX:AdaptiveSizePolicyWeight=90 -Dsun.zip.disableMemoryMapping=true -Xmx2G -Xms100m -Xlog:disable -javaagent:c:\Users\Ahmad Rafi\.vscode\extensions\redhat.java-1.54.0-win32-x64\lombok\lombok-1.18.39-4050.jar -XX:+HeapDumpOnOutOfMemoryError -XX:HeapDumpPath=c:\Users\Ahmad Rafi\AppData\Roaming\Code\User\workspaceStorage\d5efb6c6f15797c39b84967ad30504b5\redhat.java -Daether.dependencyCollector.impl=bf c:\Users\Ahmad Rafi\.vscode\extensions\redhat.java-1.54.0-win32-x64\server\plugins\org.eclipse.equinox.launcher_1.7.100.v20251111-0406.jar -configuration c:\Users\Ahmad Rafi\AppData\Roaming\Code\User\globalStorage\redhat.java\1.54.0\config_win -data c:\Users\Ahmad Rafi\AppData\Roaming\Code\User\workspaceStorage\d5efb6c6f15797c39b84967ad30504b5\redhat.java\jdt_ws --pipe=\\.\pipe\lsp-70871d2f1f33420cd66d54eb93a1d27f-sock

Host: AMD Ryzen 7 7435HS                             , 16 cores, 15G,  Windows 11 , 64 bit Build 26100 (10.0.26100.8328)
Time: Thu May 21 21:48:52 2026 SE Asia Standard Time elapsed time: 6.882677 seconds (0d 0h 0m 6s)

---------------  T H R E A D  ---------------

Current thread (0x00000199f8910d20):  JavaThread "C2 CompilerThread5" daemon [_thread_in_native, id=18928, stack(0x00000079e4e00000,0x00000079e4f00000) (1024K)]


Current CompileTask:
C2:6882 5547   !   4       org.eclipse.osgi.internal.loader.BundleLoader::findClass0 (490 bytes)

Stack: [0x00000079e4e00000,0x00000079e4f00000]
Native frames: (J=compiled Java code, j=interpreted, Vv=VM code, C=native code)
V  [jvm.dll+0x6d7a39]
V  [jvm.dll+0x8b4b26]
V  [jvm.dll+0x8b70de]
V  [jvm.dll+0x8b77c3]
V  [jvm.dll+0x284346]
V  [jvm.dll+0xc66ed]
V  [jvm.dll+0xc6c31]
V  [jvm.dll+0x3bec3b]
V  [jvm.dll+0x1e3f69]
V  [jvm.dll+0x24c6b3]
V  [jvm.dll+0x24bb40]
V  [jvm.dll+0x1cb34e]
V  [jvm.dll+0x25b85d]
V  [jvm.dll+0x259dea]
V  [jvm.dll+0x3f857e]
V  [jvm.dll+0x85f59d]
V  [jvm.dll+0x6d626d]
C  [ucrtbase.dll+0x37b0]
C  [KERNEL32.DLL+0x2e957]
C  [ntdll.dll+0x427c]


---------------  P R O C E S S  ---------------

Threads class SMR info:
_java_thread_list=0x00000199f88db920, length=54, elements={
0x00000199d7d9ce00, 0x00000199d7e40f60, 0x00000199d7e43e90, 0x00000199d7e469f0,
0x00000199d7e49960, 0x00000199d7e4df20, 0x00000199d7e53fd0, 0x00000199d7e56400,
0x00000199d7e5e330, 0x00000199efe80140, 0x00000199eff98860, 0x00000199f649c0c0,
0x00000199f641dc20, 0x00000199f60ebd60, 0x00000199f65b0c00, 0x00000199f68ffc60,
0x00000199f6c206b0, 0x00000199f6c20d80, 0x00000199f6acf3d0, 0x00000199f6c1eb70,
0x00000199f6c1ddd0, 0x00000199f6c1f240, 0x00000199f6323140, 0x00000199f68d7290,
0x00000199f68d7920, 0x00000199f68d6570, 0x00000199f6c21450, 0x00000199f68d5ee0,
0x00000199f68d7fb0, 0x00000199f68d9360, 0x00000199f68d6c00, 0x00000199f68d8640,
0x00000199f68d8cd0, 0x00000199f8c71360, 0x00000199f8c72da0, 0x00000199f8c73430,
0x00000199f8c70cd0, 0x00000199f8c719f0, 0x00000199f8c72080, 0x00000199f8c6ffb0,
0x00000199f8c72710, 0x00000199f8c73ac0, 0x00000199f8c70640, 0x00000199f8c75500,
0x00000199f8c76f40, 0x00000199f8c76220, 0x00000199f8c768b0, 0x00000199f6c1e4a0,
0x00000199f8910d20, 0x00000199f8c74150, 0x00000199f890d6a0, 0x00000199f8c747e0,
0x00000199f8c74e70, 0x00000199fa1496f0
}

Java Threads: ( => current thread )
  0x00000199d7d9ce00 JavaThread "main"                              [_thread_blocked, id=35864, stack(0x00000079e0d00000,0x00000079e0e00000) (1024K)]
  0x00000199d7e40f60 JavaThread "Reference Handler"          daemon [_thread_blocked, id=26220, stack(0x00000079e1100000,0x00000079e1200000) (1024K)]
  0x00000199d7e43e90 JavaThread "Finalizer"                  daemon [_thread_blocked, id=26404, stack(0x00000079e1200000,0x00000079e1300000) (1024K)]
  0x00000199d7e469f0 JavaThread "Signal Dispatcher"          daemon [_thread_blocked, id=27420, stack(0x00000079e1300000,0x00000079e1400000) (1024K)]
  0x00000199d7e49960 JavaThread "Attach Listener"            daemon [_thread_blocked, id=29004, stack(0x00000079e1400000,0x00000079e1500000) (1024K)]
  0x00000199d7e4df20 JavaThread "Service Thread"             daemon [_thread_blocked, id=21136, stack(0x00000079e1500000,0x00000079e1600000) (1024K)]
  0x00000199d7e53fd0 JavaThread "Monitor Deflation Thread"   daemon [_thread_blocked, id=31524, stack(0x00000079e1600000,0x00000079e1700000) (1024K)]
  0x00000199d7e56400 JavaThread "C2 CompilerThread0"         daemon [_thread_blocked, id=36912, stack(0x00000079e1700000,0x00000079e1800000) (1024K)]
  0x00000199d7e5e330 JavaThread "C1 CompilerThread0"         daemon [_thread_blocked, id=14860, stack(0x00000079e1800000,0x00000079e1900000) (1024K)]
  0x00000199efe80140 JavaThread "Common-Cleaner"             daemon [_thread_blocked, id=23240, stack(0x00000079e1c00000,0x00000079e1d00000) (1024K)]
  0x00000199eff98860 JavaThread "Notification Thread"        daemon [_thread_blocked, id=32428, stack(0x00000079e1e00000,0x00000079e1f00000) (1024K)]
  0x00000199f649c0c0 JavaThread "Active Thread: Equinox Container: 1a2efeaa-6eff-4edb-92be-28891c2c831b"        [_thread_blocked, id=14656, stack(0x00000079e2700000,0x00000079e2800000) (1024K)]
  0x00000199f641dc20 JavaThread "Refresh Thread: Equinox Container: 1a2efeaa-6eff-4edb-92be-28891c2c831b" daemon [_thread_blocked, id=18244, stack(0x00000079e2900000,0x00000079e2a00000) (1024K)]
  0x00000199f60ebd60 JavaThread "Framework Event Dispatcher: Equinox Container: 1a2efeaa-6eff-4edb-92be-28891c2c831b" daemon [_thread_blocked, id=22924, stack(0x00000079e2a00000,0x00000079e2b00000) (1024K)]
  0x00000199f65b0c00 JavaThread "Start Level: Equinox Container: 1a2efeaa-6eff-4edb-92be-28891c2c831b" daemon [_thread_blocked, id=26520, stack(0x00000079e2b00000,0x00000079e2c00000) (1024K)]
  0x00000199f68ffc60 JavaThread "Bundle File Closer"         daemon [_thread_blocked, id=37628, stack(0x00000079e2f00000,0x00000079e3000000) (1024K)]
  0x00000199f6c206b0 JavaThread "C1 CompilerThread1"         daemon [_thread_blocked, id=38012, stack(0x00000079e1900000,0x00000079e1a00000) (1024K)]
  0x00000199f6c20d80 JavaThread "C1 CompilerThread2"         daemon [_thread_blocked, id=2100, stack(0x00000079e1a00000,0x00000079e1b00000) (1024K)]
  0x00000199f6acf3d0 JavaThread "SCR Component Actor"        daemon [_thread_blocked, id=28260, stack(0x00000079e1b00000,0x00000079e1c00000) (1024K)]
  0x00000199f6c1eb70 JavaThread "C2 CompilerThread1"         daemon [_thread_in_native, id=35776, stack(0x00000079e1d00000,0x00000079e1e00000) (1024K)]
  0x00000199f6c1ddd0 JavaThread "C2 CompilerThread2"         daemon [_thread_blocked, id=37980, stack(0x00000079e1f00000,0x00000079e2000000) (1024K)]
  0x00000199f6c1f240 JavaThread "C2 CompilerThread3"         daemon [_thread_blocked, id=6028, stack(0x00000079e2600000,0x00000079e2700000) (1024K)]
  0x00000199f6323140 JavaThread "Worker-JM"                         [_thread_blocked, id=8608, stack(0x00000079e3000000,0x00000079e3100000) (1024K)]
  0x00000199f68d7290 JavaThread "JNA Cleaner"                daemon [_thread_blocked, id=35696, stack(0x00000079e3300000,0x00000079e3400000) (1024K)]
  0x00000199f68d7920 JavaThread "Worker-0: Initialize After Load"        [_thread_blocked, id=29716, stack(0x00000079e3400000,0x00000079e3500000) (1024K)]
  0x00000199f68d6570 JavaThread "Worker-1"                          [_thread_blocked, id=38380, stack(0x00000079e3500000,0x00000079e3600000) (1024K)]
  0x00000199f6c21450 JavaThread "C1 CompilerThread3"         daemon [_thread_blocked, id=2368, stack(0x00000079e3600000,0x00000079e3700000) (1024K)]
  0x00000199f68d5ee0 JavaThread "Java indexing"              daemon [_thread_blocked, id=21960, stack(0x00000079e3700000,0x00000079e3800000) (1024K)]
  0x00000199f68d7fb0 JavaThread "Worker-2: Repository registry initialization"        [_thread_blocked, id=37956, stack(0x00000079e3a00000,0x00000079e3b00000) (1024K)]
  0x00000199f68d9360 JavaThread "Worker-3: Updating Maven Dependencies"        [_thread_in_vm, id=36432, stack(0x00000079e3b00000,0x00000079e3c00000) (1024K)]
  0x00000199f68d6c00 JavaThread "Thread-1"                   daemon [_thread_in_native, id=37736, stack(0x00000079e3c00000,0x00000079e3d00000) (1024K)]
  0x00000199f68d8640 JavaThread "Thread-2"                   daemon [_thread_in_native, id=12832, stack(0x00000079e3d00000,0x00000079e3e00000) (1024K)]
  0x00000199f68d8cd0 JavaThread "Thread-3"                   daemon [_thread_in_native, id=10272, stack(0x00000079e3e00000,0x00000079e3f00000) (1024K)]
  0x00000199f8c71360 JavaThread "Thread-4"                   daemon [_thread_in_native, id=10484, stack(0x00000079e3f00000,0x00000079e4000000) (1024K)]
  0x00000199f8c72da0 JavaThread "Thread-5"                   daemon [_thread_in_native, id=27408, stack(0x00000079e4000000,0x00000079e4100000) (1024K)]
  0x00000199f8c73430 JavaThread "Thread-6"                   daemon [_thread_in_native, id=33964, stack(0x00000079e4100000,0x00000079e4200000) (1024K)]
  0x00000199f8c70cd0 JavaThread "Thread-7"                   daemon [_thread_in_native, id=37860, stack(0x00000079e4200000,0x00000079e4300000) (1024K)]
  0x00000199f8c719f0 JavaThread "Thread-8"                   daemon [_thread_in_native, id=3164, stack(0x00000079e4300000,0x00000079e4400000) (1024K)]
  0x00000199f8c72080 JavaThread "Thread-9"                   daemon [_thread_in_native, id=18332, stack(0x00000079e4400000,0x00000079e4500000) (1024K)]
  0x00000199f8c6ffb0 JavaThread "Thread-10"                  daemon [_thread_in_native, id=37732, stack(0x00000079e4500000,0x00000079e4600000) (1024K)]
  0x00000199f8c72710 JavaThread "Thread-11"                  daemon [_thread_in_native, id=31472, stack(0x00000079e4600000,0x00000079e4700000) (1024K)]
  0x00000199f8c73ac0 JavaThread "Thread-12"                  daemon [_thread_in_native, id=20728, stack(0x00000079e4700000,0x00000079e4800000) (1024K)]
  0x00000199f8c70640 JavaThread "Thread-13"                  daemon [_thread_in_native, id=16148, stack(0x00000079e4800000,0x00000079e4900000) (1024K)]
  0x00000199f8c75500 JavaThread "Thread-14"                  daemon [_thread_in_native, id=38192, stack(0x00000079e4900000,0x00000079e4a00000) (1024K)]
  0x00000199f8c76f40 JavaThread "Thread-15"                  daemon [_thread_in_native, id=38488, stack(0x00000079e4a00000,0x00000079e4b00000) (1024K)]
  0x00000199f8c76220 JavaThread "Thread-16"                  daemon [_thread_in_native, id=10032, stack(0x00000079e4b00000,0x00000079e4c00000) (1024K)]
  0x00000199f8c768b0 JavaThread "Thread-17"                  daemon [_thread_in_native, id=30436, stack(0x00000079e4c00000,0x00000079e4d00000) (1024K)]
  0x00000199f6c1e4a0 JavaThread "C2 CompilerThread4"         daemon [_thread_blocked, id=15192, stack(0x00000079e4d00000,0x00000079e4e00000) (1024K)]
=>0x00000199f8910d20 JavaThread "C2 CompilerThread5"         daemon [_thread_in_native, id=18928, stack(0x00000079e4e00000,0x00000079e4f00000) (1024K)]
  0x00000199f8c74150 JavaThread "pool-2-thread-1"                   [_thread_blocked, id=6572, stack(0x00000079e4f00000,0x00000079e5000000) (1024K)]
  0x00000199f890d6a0 JavaThread "C2 CompilerThread6"         daemon [_thread_blocked, id=37136, stack(0x00000079e5000000,0x00000079e5100000) (1024K)]
  0x00000199f8c747e0 JavaThread "WorkspaceEventsHandler"            [_thread_blocked, id=32816, stack(0x00000079e5100000,0x00000079e5200000) (1024K)]
  0x00000199f8c74e70 JavaThread "pool-1-thread-1"                   [_thread_blocked, id=20360, stack(0x00000079e5200000,0x00000079e5300000) (1024K)]
  0x00000199fa1496f0 JavaThread "Worker-4"                          [_thread_blocked, id=2716, stack(0x00000079e5400000,0x00000079e5500000) (1024K)]
Total: 54

Other Threads:
  0x00000199d7e40a10 VMThread "VM Thread"                           [id=29680, stack(0x00000079e1000000,0x00000079e1100000) (1024K)]
  0x00000199ee72ca00 WatcherThread "VM Periodic Task Thread"        [id=22824, stack(0x00000079e0f00000,0x00000079e1000000) (1024K)]
  0x00000199d7dbc190 WorkerThread "GC Thread#0"                     [id=8868, stack(0x00000079e0e00000,0x00000079e0f00000) (1024K)]
  0x00000199f6089fc0 WorkerThread "GC Thread#1"                     [id=27976, stack(0x00000079e2000000,0x00000079e2100000) (1024K)]
  0x00000199f61acd10 WorkerThread "GC Thread#2"                     [id=11120, stack(0x00000079e2100000,0x00000079e2200000) (1024K)]
  0x00000199f61ad0c0 WorkerThread "GC Thread#3"                     [id=15012, stack(0x00000079e2200000,0x00000079e2300000) (1024K)]
  0x00000199f61ad470 WorkerThread "GC Thread#4"                     [id=37060, stack(0x00000079e2300000,0x00000079e2400000) (1024K)]
  0x00000199f61ad820 WorkerThread "GC Thread#5"                     [id=29752, stack(0x00000079e2400000,0x00000079e2500000) (1024K)]
  0x00000199f608a370 WorkerThread "GC Thread#6"                     [id=35948, stack(0x00000079e2500000,0x00000079e2600000) (1024K)]
  0x00000199f62ce090 WorkerThread "GC Thread#7"                     [id=33416, stack(0x00000079e2800000,0x00000079e2900000) (1024K)]
  0x00000199f6765670 WorkerThread "GC Thread#8"                     [id=21720, stack(0x00000079e2c00000,0x00000079e2d00000) (1024K)]
  0x00000199f6193c80 WorkerThread "GC Thread#9"                     [id=36364, stack(0x00000079e2d00000,0x00000079e2e00000) (1024K)]
  0x00000199f6194030 WorkerThread "GC Thread#10"                    [id=34200, stack(0x00000079e2e00000,0x00000079e2f00000) (1024K)]
  0x00000199f626e470 WorkerThread "GC Thread#11"                    [id=14872, stack(0x00000079e3100000,0x00000079e3200000) (1024K)]
  0x00000199f626ef80 WorkerThread "GC Thread#12"                    [id=28752, stack(0x00000079e3200000,0x00000079e3300000) (1024K)]
Total: 15

Threads with active compile tasks:
C2 CompilerThread1  6908 5557   !   4       org.eclipse.osgi.internal.loader.classpath.ClasspathManager::defineClass (636 bytes)
C2 CompilerThread5  6909 5547   !   4       org.eclipse.osgi.internal.loader.BundleLoader::findClass0 (490 bytes)
Total: 2

VM state: not at safepoint (normal execution)

VM Mutex/Monitor currently owned by a thread:  ([mutex/lock_event])
[0x00007ffe2935c4e0] Metaspace_lock - owner thread: 0x00000199f68d9360

Heap address: 0x0000000080000000, size: 2048 MB, Compressed Oops mode: 32-bit

CDS archive(s) mapped at: [0x0000019980000000-0x0000019980ba0000-0x0000019980ba0000), size 12189696, SharedBaseAddress: 0x0000019980000000, ArchiveRelocationMode: 1.
Compressed class space mapped at: 0x0000019981000000-0x00000199c1000000, reserved size: 1073741824
Narrow klass base: 0x0000019980000000, Narrow klass shift: 0, Narrow klass range: 0x100000000

GC Precious Log:
 CardTable entry size: 512
 CPUs: 16 total, 16 available
 Memory: 16202M
 Large Page Support: Disabled
 NUMA Support: Disabled
 Compressed Oops: Enabled (32-bit)
 Alignments: Space 512K, Generation 512K, Heap 2M
 Heap Min Capacity: 100M
 Heap Initial Capacity: 100M
 Heap Max Capacity: 2G
 Pre-touch: Disabled
 Parallel Workers: 13

Heap:
 PSYoungGen      total 24064K, used 9295K [0x00000000d5580000, 0x00000000d6f80000, 0x0000000100000000)
  eden space 22016K, 35% used [0x00000000d5580000,0x00000000d5d1bdf0,0x00000000d6b00000)
  from space 2048K, 73% used [0x00000000d6b80000,0x00000000d6cf8000,0x00000000d6d80000)
  to   space 1536K, 0% used [0x00000000d6e00000,0x00000000d6e00000,0x00000000d6f80000)
 ParOldGen       total 68608K, used 21009K [0x0000000080000000, 0x0000000084300000, 0x00000000d5580000)
  object space 68608K, 30% used [0x0000000080000000,0x0000000081484498,0x0000000084300000)
 Metaspace       used 43475K, committed 44608K, reserved 1114112K
  class space    used 4719K, committed 5248K, reserved 1048576K

Card table byte_map: [0x00000199d7760000,0x00000199d7b70000] _byte_map_base: 0x00000199d7360000

Marking Bits: (ParMarkBitMap*) 0x00007ffe29363450
 Begin Bits: [0x00000199ea250000, 0x00000199ec250000)
 End Bits:   [0x00000199ec250000, 0x00000199ee250000)

Polling page: 0x00000199d6020000

Metaspace:

Usage:
  Non-class:     37.85 MB used.
      Class:      4.61 MB used.
       Both:     42.46 MB used.

Virtual space:
  Non-class space:       64.00 MB reserved,      38.44 MB ( 60%) committed,  1 nodes.
      Class space:        1.00 GB reserved,       5.12 MB ( <1%) committed,  1 nodes.
             Both:        1.06 GB reserved,      43.56 MB (  4%) committed. 

Chunk freelists:
   Non-Class:  8.98 MB
       Class:  10.83 MB
        Both:  19.81 MB

MaxMetaspaceSize: unlimited
CompressedClassSpaceSize: 1.00 GB
Initial GC threshold: 21.00 MB
Current GC threshold: 58.38 MB
CDS: on
 - commit_granule_bytes: 65536.
 - commit_granule_words: 8192.
 - virtual_space_node_default_size: 8388608.
 - enlarge_chunks_in_place: 1.
 - use_allocation_guard: 0.


Internal statistics:

num_allocs_failed_limit: 6.
num_arena_births: 784.
num_arena_deaths: 14.
num_vsnodes_births: 2.
num_vsnodes_deaths: 0.
num_space_committed: 697.
num_space_uncommitted: 0.
num_chunks_returned_to_freelist: 20.
num_chunks_taken_from_freelist: 2612.
num_chunk_merges: 12.
num_chunk_splits: 1685.
num_chunks_enlarged: 1047.
num_inconsistent_stats: 0.

CodeHeap 'non-profiled nmethods': size=119168Kb used=3031Kb max_used=3031Kb free=116136Kb
 bounds [0x00000199e2b40000, 0x00000199e2e40000, 0x00000199e9fa0000]
CodeHeap 'profiled nmethods': size=119104Kb used=12402Kb max_used=12402Kb free=106701Kb
 bounds [0x00000199dafa0000, 0x00000199dbbc0000, 0x00000199e23f0000]
CodeHeap 'non-nmethods': size=7488Kb used=3054Kb max_used=3118Kb free=4433Kb
 bounds [0x00000199e23f0000, 0x00000199e2770000, 0x00000199e2b40000]
CodeCache: size=245760Kb, used=18487Kb, max_used=18551Kb, free=227270Kb
 total_blobs=6451, nmethods=5789, adapters=565, full_count=0
Compilation: enabled, stopped_count=0, restarted_count=0

Compilation events (20 events):
Event: 6.874 Thread 0x00000199f6c206b0 6337       3       com.google.common.collect.AbstractMapBasedMultimap::get (31 bytes)
Event: 6.874 Thread 0x00000199f6c20d80 6342       3       com.google.common.collect.ImmutableMultimap::isEmpty (5 bytes)
Event: 6.874 Thread 0x00000199f6c21450 6343       3       com.google.common.collect.AbstractMultimap::isEmpty (13 bytes)
Event: 6.874 Thread 0x00000199d7e5e330 nmethod 6336 0x00000199dbbb6110 code [0x00000199dbbb6300, 0x00000199dbbb6928]
Event: 6.874 Thread 0x00000199f6c206b0 nmethod 6337 0x00000199dbbb6a90 code [0x00000199dbbb6c80, 0x00000199dbbb7150]
Event: 6.874 Thread 0x00000199f6c20d80 nmethod 6342 0x00000199dbbb7290 code [0x00000199dbbb7440, 0x00000199dbbb7698]
Event: 6.874 Thread 0x00000199f6c21450 nmethod 6343 0x00000199dbbb7790 code [0x00000199dbbb7940, 0x00000199dbbb7b58]
Event: 6.874 Thread 0x00000199d7e5e330 6331       1       com.google.common.collect.LinkedHashMultimap$ValueEntry::access$200 (5 bytes)
Event: 6.874 Thread 0x00000199f6c20d80 6347       3       com.google.inject.internal.InternalInjectorCreator::isEagerSingleton (62 bytes)
Event: 6.874 Thread 0x00000199f6c206b0 6348       3       com.google.inject.internal.Scoping::isEagerSingleton (38 bytes)
Event: 6.874 Thread 0x00000199f6c21450 6332       1       com.google.common.collect.LinkedHashMultimap$ValueEntry::access$700 (5 bytes)
Event: 6.874 Thread 0x00000199d7e5e330 nmethod 6331 0x00000199e2e31290 code [0x00000199e2e31420, 0x00000199e2e314d0]
Event: 6.874 Thread 0x00000199f6c21450 nmethod 6332 0x00000199e2e31590 code [0x00000199e2e31720, 0x00000199e2e317d0]
Event: 6.874 Thread 0x00000199f6c206b0 nmethod 6348 0x00000199dbbb7c10 code [0x00000199dbbb7dc0, 0x00000199dbbb8030]
Event: 6.874 Thread 0x00000199d7e5e330 6333       1       com.google.common.collect.LinkedHashMultimap$ValueEntry::access$600 (5 bytes)
Event: 6.875 Thread 0x00000199d7e5e330 nmethod 6333 0x00000199e2e31890 code [0x00000199e2e31a20, 0x00000199e2e31ad0]
Event: 6.875 Thread 0x00000199f6c20d80 nmethod 6347 0x00000199dbbb8110 code [0x00000199dbbb8340, 0x00000199dbbb8c38]
Event: 6.877 Thread 0x00000199f6c1ddd0 nmethod 6295 0x00000199e2e31b90 code [0x00000199e2e31d60, 0x00000199e2e32300]
Event: 6.878 Thread 0x00000199f890d6a0 nmethod 6321 0x00000199e2e32890 code [0x00000199e2e32ac0, 0x00000199e2e32ee8]
Event: 6.880 Thread 0x00000199f6c1e4a0 nmethod 6302 0x00000199e2e33310 code [0x00000199e2e33520, 0x00000199e2e33bf0]

GC Heap History (20 events):
Event: 4.972 GC heap before
{Heap before GC invocations=10 (full 1):
 PSYoungGen      total 25088K, used 24834K [0x00000000d5580000, 0x00000000d7480000, 0x0000000100000000)
  eden space 24064K, 100% used [0x00000000d5580000,0x00000000d6d00000,0x00000000d6d00000)
  from space 1024K, 75% used [0x00000000d7380000,0x00000000d7440a08,0x00000000d7480000)
  to   space 2560K, 0% used [0x00000000d6f80000,0x00000000d6f80000,0x00000000d7200000)
 ParOldGen       total 68608K, used 12952K [0x0000000080000000, 0x0000000084300000, 0x00000000d5580000)
  object space 68608K, 18% used [0x0000000080000000,0x0000000080ca61d0,0x0000000084300000)
 Metaspace       used 26458K, committed 27392K, reserved 1114112K
  class space    used 2604K, committed 3008K, reserved 1048576K
}
Event: 4.973 GC heap after
{Heap after GC invocations=10 (full 1):
 PSYoungGen      total 26112K, used 2553K [0x00000000d5580000, 0x00000000d7400000, 0x0000000100000000)
  eden space 23552K, 0% used [0x00000000d5580000,0x00000000d5580000,0x00000000d6c80000)
  from space 2560K, 99% used [0x00000000d6f80000,0x00000000d71fe610,0x00000000d7200000)
  to   space 2048K, 0% used [0x00000000d7200000,0x00000000d7200000,0x00000000d7400000)
 ParOldGen       total 68608K, used 12976K [0x0000000080000000, 0x0000000084300000, 0x00000000d5580000)
  object space 68608K, 18% used [0x0000000080000000,0x0000000080cac1d0,0x0000000084300000)
 Metaspace       used 26458K, committed 27392K, reserved 1114112K
  class space    used 2604K, committed 3008K, reserved 1048576K
}
Event: 5.157 GC heap before
{Heap before GC invocations=11 (full 1):
 PSYoungGen      total 26112K, used 26105K [0x00000000d5580000, 0x00000000d7400000, 0x0000000100000000)
  eden space 23552K, 100% used [0x00000000d5580000,0x00000000d6c80000,0x00000000d6c80000)
  from space 2560K, 99% used [0x00000000d6f80000,0x00000000d71fe610,0x00000000d7200000)
  to   space 2048K, 0% used [0x00000000d7200000,0x00000000d7200000,0x00000000d7400000)
 ParOldGen       total 68608K, used 12976K [0x0000000080000000, 0x0000000084300000, 0x00000000d5580000)
  object space 68608K, 18% used [0x0000000080000000,0x0000000080cac1d0,0x0000000084300000)
 Metaspace       used 28426K, committed 29376K, reserved 1114112K
  class space    used 2760K, committed 3136K, reserved 1048576K
}
Event: 5.158 GC heap after
{Heap after GC invocations=11 (full 1):
 PSYoungGen      total 25088K, used 2016K [0x00000000d5580000, 0x00000000d7400000, 0x0000000100000000)
  eden space 23040K, 0% used [0x00000000d5580000,0x00000000d5580000,0x00000000d6c00000)
  from space 2048K, 98% used [0x00000000d7200000,0x00000000d73f82f8,0x00000000d7400000)
  to   space 4096K, 0% used [0x00000000d6c00000,0x00000000d6c00000,0x00000000d7000000)
 ParOldGen       total 68608K, used 14395K [0x0000000080000000, 0x0000000084300000, 0x00000000d5580000)
  object space 68608K, 20% used [0x0000000080000000,0x0000000080e0efb8,0x0000000084300000)
 Metaspace       used 28426K, committed 29376K, reserved 1114112K
  class space    used 2760K, committed 3136K, reserved 1048576K
}
Event: 5.344 GC heap before
{Heap before GC invocations=12 (full 1):
 PSYoungGen      total 25088K, used 25051K [0x00000000d5580000, 0x00000000d7400000, 0x0000000100000000)
  eden space 23040K, 99% used [0x00000000d5580000,0x00000000d6bfeab0,0x00000000d6c00000)
  from space 2048K, 98% used [0x00000000d7200000,0x00000000d73f82f8,0x00000000d7400000)
  to   space 4096K, 0% used [0x00000000d6c00000,0x00000000d6c00000,0x00000000d7000000)
 ParOldGen       total 68608K, used 14395K [0x0000000080000000, 0x0000000084300000, 0x00000000d5580000)
  object space 68608K, 20% used [0x0000000080000000,0x0000000080e0efb8,0x0000000084300000)
 Metaspace       used 31599K, committed 32640K, reserved 1114112K
  class space    used 3134K, committed 3584K, reserved 1048576K
}
Event: 5.346 GC heap after
{Heap after GC invocations=12 (full 1):
 PSYoungGen      total 26624K, used 1935K [0x00000000d5580000, 0x00000000d7280000, 0x0000000100000000)
  eden space 22528K, 0% used [0x00000000d5580000,0x00000000d5580000,0x00000000d6b80000)
  from space 4096K, 47% used [0x00000000d6c00000,0x00000000d6de3e50,0x00000000d7000000)
  to   space 2560K, 0% used [0x00000000d7000000,0x00000000d7000000,0x00000000d7280000)
 ParOldGen       total 68608K, used 16351K [0x0000000080000000, 0x0000000084300000, 0x00000000d5580000)
  object space 68608K, 23% used [0x0000000080000000,0x0000000080ff7ff0,0x0000000084300000)
 Metaspace       used 31599K, committed 32640K, reserved 1114112K
  class space    used 3134K, committed 3584K, reserved 1048576K
}
Event: 5.557 GC heap before
{Heap before GC invocations=13 (full 1):
 PSYoungGen      total 26624K, used 24463K [0x00000000d5580000, 0x00000000d7280000, 0x0000000100000000)
  eden space 22528K, 99% used [0x00000000d5580000,0x00000000d6b7ffe0,0x00000000d6b80000)
  from space 4096K, 47% used [0x00000000d6c00000,0x00000000d6de3e50,0x00000000d7000000)
  to   space 2560K, 0% used [0x00000000d7000000,0x00000000d7000000,0x00000000d7280000)
 ParOldGen       total 68608K, used 16351K [0x0000000080000000, 0x0000000084300000, 0x00000000d5580000)
  object space 68608K, 23% used [0x0000000080000000,0x0000000080ff7ff0,0x0000000084300000)
 Metaspace       used 34273K, committed 35456K, reserved 1114112K
  class space    used 3509K, committed 4032K, reserved 1048576K
}
Event: 5.559 GC heap after
{Heap after GC invocations=13 (full 1):
 PSYoungGen      total 24576K, used 2096K [0x00000000d5580000, 0x00000000d7280000, 0x0000000100000000)
  eden space 22016K, 0% used [0x00000000d5580000,0x00000000d5580000,0x00000000d6b00000)
  from space 2560K, 81% used [0x00000000d7000000,0x00000000d720c010,0x00000000d7280000)
  to   space 2560K, 0% used [0x00000000d6d80000,0x00000000d6d80000,0x00000000d7000000)
 ParOldGen       total 68608K, used 17637K [0x0000000080000000, 0x0000000084300000, 0x00000000d5580000)
  object space 68608K, 25% used [0x0000000080000000,0x00000000811397a0,0x0000000084300000)
 Metaspace       used 34273K, committed 35456K, reserved 1114112K
  class space    used 3509K, committed 4032K, reserved 1048576K
}
Event: 5.593 GC heap before
{Heap before GC invocations=14 (full 1):
 PSYoungGen      total 24576K, used 6242K [0x00000000d5580000, 0x00000000d7280000, 0x0000000100000000)
  eden space 22016K, 18% used [0x00000000d5580000,0x00000000d598c890,0x00000000d6b00000)
  from space 2560K, 81% used [0x00000000d7000000,0x00000000d720c010,0x00000000d7280000)
  to   space 2560K, 0% used [0x00000000d6d80000,0x00000000d6d80000,0x00000000d7000000)
 ParOldGen       total 68608K, used 17637K [0x0000000080000000, 0x0000000084300000, 0x00000000d5580000)
  object space 68608K, 25% used [0x0000000080000000,0x00000000811397a0,0x0000000084300000)
 Metaspace       used 34765K, committed 35840K, reserved 1114112K
  class space    used 3573K, committed 4032K, reserved 1048576K
}
Event: 5.595 GC heap after
{Heap after GC invocations=14 (full 1):
 PSYoungGen      total 22528K, used 448K [0x00000000d5580000, 0x00000000d7080000, 0x0000000100000000)
  eden space 22016K, 0% used [0x00000000d5580000,0x00000000d5580000,0x00000000d6b00000)
  from space 512K, 87% used [0x00000000d6d80000,0x00000000d6df0000,0x00000000d6e00000)
  to   space 1536K, 0% used [0x00000000d6f00000,0x00000000d6f00000,0x00000000d7080000)
 ParOldGen       total 68608K, used 19476K [0x0000000080000000, 0x0000000084300000, 0x00000000d5580000)
  object space 68608K, 28% used [0x0000000080000000,0x0000000081305100,0x0000000084300000)
 Metaspace       used 34765K, committed 35840K, reserved 1114112K
  class space    used 3573K, committed 4032K, reserved 1048576K
}
Event: 5.595 GC heap before
{Heap before GC invocations=15 (full 2):
 PSYoungGen      total 22528K, used 448K [0x00000000d5580000, 0x00000000d7080000, 0x0000000100000000)
  eden space 22016K, 0% used [0x00000000d5580000,0x00000000d5580000,0x00000000d6b00000)
  from space 512K, 87% used [0x00000000d6d80000,0x00000000d6df0000,0x00000000d6e00000)
  to   space 1536K, 0% used [0x00000000d6f00000,0x00000000d6f00000,0x00000000d7080000)
 ParOldGen       total 68608K, used 19476K [0x0000000080000000, 0x0000000084300000, 0x00000000d5580000)
  object space 68608K, 28% used [0x0000000080000000,0x0000000081305100,0x0000000084300000)
 Metaspace       used 34765K, committed 35840K, reserved 1114112K
  class space    used 3573K, committed 4032K, reserved 1048576K
}
Event: 5.620 GC heap after
{Heap after GC invocations=15 (full 2):
 PSYoungGen      total 22528K, used 0K [0x00000000d5580000, 0x00000000d7080000, 0x0000000100000000)
  eden space 22016K, 0% used [0x00000000d5580000,0x00000000d5580000,0x00000000d6b00000)
  from space 512K, 0% used [0x00000000d6d80000,0x00000000d6d80000,0x00000000d6e00000)
  to   space 1536K, 0% used [0x00000000d6f00000,0x00000000d6f00000,0x00000000d7080000)
 ParOldGen       total 68608K, used 18886K [0x0000000080000000, 0x0000000084300000, 0x00000000d5580000)
  object space 68608K, 27% used [0x0000000080000000,0x00000000812718b0,0x0000000084300000)
 Metaspace       used 34765K, committed 35840K, reserved 1114112K
  class space    used 3573K, committed 4032K, reserved 1048576K
}
Event: 5.898 GC heap before
{Heap before GC invocations=16 (full 2):
 PSYoungGen      total 22528K, used 22016K [0x00000000d5580000, 0x00000000d7080000, 0x0000000100000000)
  eden space 22016K, 100% used [0x00000000d5580000,0x00000000d6b00000,0x00000000d6b00000)
  from space 512K, 0% used [0x00000000d6d80000,0x00000000d6d80000,0x00000000d6e00000)
  to   space 1536K, 0% used [0x00000000d6f00000,0x00000000d6f00000,0x00000000d7080000)
 ParOldGen       total 68608K, used 18886K [0x0000000080000000, 0x0000000084300000, 0x00000000d5580000)
  object space 68608K, 27% used [0x0000000080000000,0x00000000812718b0,0x0000000084300000)
 Metaspace       used 36469K, committed 37632K, reserved 1114112K
  class space    used 3795K, committed 4288K, reserved 1048576K
}
Event: 5.899 GC heap after
{Heap after GC invocations=16 (full 2):
 PSYoungGen      total 23040K, used 855K [0x00000000d5580000, 0x00000000d7000000, 0x0000000100000000)
  eden space 22016K, 0% used [0x00000000d5580000,0x00000000d5580000,0x00000000d6b00000)
  from space 1024K, 83% used [0x00000000d6f00000,0x00000000d6fd5c38,0x00000000d7000000)
  to   space 1024K, 0% used [0x00000000d6e00000,0x00000000d6e00000,0x00000000d6f00000)
 ParOldGen       total 68608K, used 18894K [0x0000000080000000, 0x0000000084300000, 0x00000000d5580000)
  object space 68608K, 27% used [0x0000000080000000,0x00000000812738b0,0x0000000084300000)
 Metaspace       used 36469K, committed 37632K, reserved 1114112K
  class space    used 3795K, committed 4288K, reserved 1048576K
}
Event: 6.190 GC heap before
{Heap before GC invocations=17 (full 2):
 PSYoungGen      total 23040K, used 22838K [0x00000000d5580000, 0x00000000d7000000, 0x0000000100000000)
  eden space 22016K, 99% used [0x00000000d5580000,0x00000000d6af7f08,0x00000000d6b00000)
  from space 1024K, 83% used [0x00000000d6f00000,0x00000000d6fd5c38,0x00000000d7000000)
  to   space 1024K, 0% used [0x00000000d6e00000,0x00000000d6e00000,0x00000000d6f00000)
 ParOldGen       total 68608K, used 18894K [0x0000000080000000, 0x0000000084300000, 0x00000000d5580000)
  object space 68608K, 27% used [0x0000000080000000,0x00000000812738b0,0x0000000084300000)
 Metaspace       used 37935K, committed 39104K, reserved 1114112K
  class space    used 3991K, committed 4480K, reserved 1048576K
}
Event: 6.192 GC heap after
{Heap after GC invocations=17 (full 2):
 PSYoungGen      total 23040K, used 997K [0x00000000d5580000, 0x00000000d6f80000, 0x0000000100000000)
  eden space 22016K, 0% used [0x00000000d5580000,0x00000000d5580000,0x00000000d6b00000)
  from space 1024K, 97% used [0x00000000d6e00000,0x00000000d6ef9648,0x00000000d6f00000)
  to   space 512K, 0% used [0x00000000d6f00000,0x00000000d6f00000,0x00000000d6f80000)
 ParOldGen       total 68608K, used 19580K [0x0000000080000000, 0x0000000084300000, 0x00000000d5580000)
  object space 68608K, 28% used [0x0000000080000000,0x000000008131f280,0x0000000084300000)
 Metaspace       used 37935K, committed 39104K, reserved 1114112K
  class space    used 3991K, committed 4480K, reserved 1048576K
}
Event: 6.461 GC heap before
{Heap before GC invocations=18 (full 2):
 PSYoungGen      total 23040K, used 23013K [0x00000000d5580000, 0x00000000d6f80000, 0x0000000100000000)
  eden space 22016K, 100% used [0x00000000d5580000,0x00000000d6b00000,0x00000000d6b00000)
  from space 1024K, 97% used [0x00000000d6e00000,0x00000000d6ef9648,0x00000000d6f00000)
  to   space 512K, 0% used [0x00000000d6f00000,0x00000000d6f00000,0x00000000d6f80000)
 ParOldGen       total 68608K, used 19580K [0x0000000080000000, 0x0000000084300000, 0x00000000d5580000)
  object space 68608K, 28% used [0x0000000080000000,0x000000008131f280,0x0000000084300000)
 Metaspace       used 40068K, committed 41152K, reserved 1114112K
  class space    used 4261K, committed 4736K, reserved 1048576K
}
Event: 6.462 GC heap after
{Heap after GC invocations=18 (full 2):
 PSYoungGen      total 22528K, used 512K [0x00000000d5580000, 0x00000000d6f80000, 0x0000000100000000)
  eden space 22016K, 0% used [0x00000000d5580000,0x00000000d5580000,0x00000000d6b00000)
  from space 512K, 100% used [0x00000000d6f00000,0x00000000d6f80000,0x00000000d6f80000)
  to   space 2048K, 0% used [0x00000000d6b80000,0x00000000d6b80000,0x00000000d6d80000)
 ParOldGen       total 68608K, used 20561K [0x0000000080000000, 0x0000000084300000, 0x00000000d5580000)
  object space 68608K, 29% used [0x0000000080000000,0x0000000081414498,0x0000000084300000)
 Metaspace       used 40068K, committed 41152K, reserved 1114112K
  class space    used 4261K, committed 4736K, reserved 1048576K
}
Event: 6.782 GC heap before
{Heap before GC invocations=19 (full 2):
 PSYoungGen      total 22528K, used 22528K [0x00000000d5580000, 0x00000000d6f80000, 0x0000000100000000)
  eden space 22016K, 100% used [0x00000000d5580000,0x00000000d6b00000,0x00000000d6b00000)
  from space 512K, 100% used [0x00000000d6f00000,0x00000000d6f80000,0x00000000d6f80000)
  to   space 2048K, 0% used [0x00000000d6b80000,0x00000000d6b80000,0x00000000d6d80000)
 ParOldGen       total 68608K, used 20561K [0x0000000080000000, 0x0000000084300000, 0x00000000d5580000)
  object space 68608K, 29% used [0x0000000080000000,0x0000000081414498,0x0000000084300000)
 Metaspace       used 42543K, committed 43648K, reserved 1114112K
  class space    used 4585K, committed 5056K, reserved 1048576K
}
Event: 6.783 GC heap after
{Heap after GC invocations=19 (full 2):
 PSYoungGen      total 24064K, used 1504K [0x00000000d5580000, 0x00000000d6f80000, 0x0000000100000000)
  eden space 22016K, 0% used [0x00000000d5580000,0x00000000d5580000,0x00000000d6b00000)
  from space 2048K, 73% used [0x00000000d6b80000,0x00000000d6cf8000,0x00000000d6d80000)
  to   space 1536K, 0% used [0x00000000d6e00000,0x00000000d6e00000,0x00000000d6f80000)
 ParOldGen       total 68608K, used 21009K [0x0000000080000000, 0x0000000084300000, 0x00000000d5580000)
  object space 68608K, 30% used [0x0000000080000000,0x0000000081484498,0x0000000084300000)
 Metaspace       used 42543K, committed 43648K, reserved 1114112K
  class space    used 4585K, committed 5056K, reserved 1048576K
}

Dll operation events (10 events):
Event: 0.028 Loaded shared library c:\Users\Ahmad Rafi\.vscode\extensions\redhat.java-1.54.0-win32-x64\jre\21.0.10-win32-x86_64\bin\java.dll
Event: 0.093 Loaded shared library c:\Users\Ahmad Rafi\.vscode\extensions\redhat.java-1.54.0-win32-x64\jre\21.0.10-win32-x86_64\bin\zip.dll
Event: 0.112 Loaded shared library C:\Users\Ahmad Rafi\.vscode\extensions\redhat.java-1.54.0-win32-x64\jre\21.0.10-win32-x86_64\bin\instrument.dll
Event: 0.118 Loaded shared library C:\Users\Ahmad Rafi\.vscode\extensions\redhat.java-1.54.0-win32-x64\jre\21.0.10-win32-x86_64\bin\net.dll
Event: 0.121 Loaded shared library C:\Users\Ahmad Rafi\.vscode\extensions\redhat.java-1.54.0-win32-x64\jre\21.0.10-win32-x86_64\bin\nio.dll
Event: 0.124 Loaded shared library C:\Users\Ahmad Rafi\.vscode\extensions\redhat.java-1.54.0-win32-x64\jre\21.0.10-win32-x86_64\bin\zip.dll
Event: 0.142 Loaded shared library C:\Users\Ahmad Rafi\.vscode\extensions\redhat.java-1.54.0-win32-x64\jre\21.0.10-win32-x86_64\bin\jimage.dll
Event: 0.223 Loaded shared library c:\Users\Ahmad Rafi\.vscode\extensions\redhat.java-1.54.0-win32-x64\jre\21.0.10-win32-x86_64\bin\verify.dll
Event: 1.241 Loaded shared library C:\Users\Ahmad Rafi\AppData\Roaming\Code\User\globalStorage\redhat.java\1.54.0\config_win\org.eclipse.equinox.launcher\org.eclipse.equinox.launcher.win32.win32.x86_64_1.3.0.v20260203-2149\eclipse_11919.dll
Event: 4.234 Loaded shared library C:\Users\Ahmad Rafi\AppData\Local\Temp\jna-891137385\jna9680444304176731055.dll

Deoptimization events (20 events):
Event: 6.834 Thread 0x00000199f68d9360 Uncommon trap: trap_request=0xffffffbe fr.pc=0x00000199e2e26e44 relative=0x0000000000000364
Event: 6.834 Thread 0x00000199f68d9360 Uncommon trap: reason=profile_predicate action=maybe_recompile pc=0x00000199e2e26e44 method=com.google.inject.internal.aop.ImmutableStringTrie.nextPivotColumn([Ljava/lang/String;III)I @ 21 c2
Event: 6.834 Thread 0x00000199f68d9360 DEOPT PACKING pc=0x00000199e2e26e44 sp=0x00000079e3bfd320
Event: 6.834 Thread 0x00000199f68d9360 DEOPT UNPACKING pc=0x00000199e2443aa2 sp=0x00000079e3bfd2b0 mode 2
Event: 6.853 Thread 0x00000199f68d9360 Uncommon trap: trap_request=0xffffffc6 fr.pc=0x00000199e2d37b8c relative=0x0000000000000eac
Event: 6.853 Thread 0x00000199f68d9360 Uncommon trap: reason=bimorphic_or_optimized_type_check action=maybe_recompile pc=0x00000199e2d37b8c method=java.util.HashMap.putVal(ILjava/lang/Object;Ljava/lang/Object;ZZ)Ljava/lang/Object; @ 91 c2
Event: 6.853 Thread 0x00000199f68d9360 DEOPT PACKING pc=0x00000199e2d37b8c sp=0x00000079e3bfe140
Event: 6.853 Thread 0x00000199f68d9360 DEOPT UNPACKING pc=0x00000199e2443aa2 sp=0x00000079e3bfdfd8 mode 2
Event: 6.853 Thread 0x00000199f68d9360 Uncommon trap: trap_request=0xffffffc6 fr.pc=0x00000199e2d37b8c relative=0x0000000000000eac
Event: 6.853 Thread 0x00000199f68d9360 Uncommon trap: reason=bimorphic_or_optimized_type_check action=maybe_recompile pc=0x00000199e2d37b8c method=java.util.HashMap.putVal(ILjava/lang/Object;Ljava/lang/Object;ZZ)Ljava/lang/Object; @ 91 c2
Event: 6.853 Thread 0x00000199f68d9360 DEOPT PACKING pc=0x00000199e2d37b8c sp=0x00000079e3bfe140
Event: 6.853 Thread 0x00000199f68d9360 DEOPT UNPACKING pc=0x00000199e2443aa2 sp=0x00000079e3bfdfd8 mode 2
Event: 6.862 Thread 0x00000199f68d9360 Uncommon trap: trap_request=0xffffffde fr.pc=0x00000199e2e1bf3c relative=0x000000000000043c
Event: 6.862 Thread 0x00000199f68d9360 Uncommon trap: reason=class_check action=maybe_recompile pc=0x00000199e2e1bf3c method=java.util.HashMap.removeNode(ILjava/lang/Object;Ljava/lang/Object;ZZ)Ljava/util/HashMap$Node; @ 283 c2
Event: 6.862 Thread 0x00000199f68d9360 DEOPT PACKING pc=0x00000199e2e1bf3c sp=0x00000079e3bfe260
Event: 6.862 Thread 0x00000199f68d9360 DEOPT UNPACKING pc=0x00000199e2443aa2 sp=0x00000079e3bfe168 mode 2
Event: 6.865 Thread 0x00000199f68d9360 Uncommon trap: trap_request=0xffffffde fr.pc=0x00000199e2e1bf3c relative=0x000000000000043c
Event: 6.865 Thread 0x00000199f68d9360 Uncommon trap: reason=class_check action=maybe_recompile pc=0x00000199e2e1bf3c method=java.util.HashMap.removeNode(ILjava/lang/Object;Ljava/lang/Object;ZZ)Ljava/util/HashMap$Node; @ 283 c2
Event: 6.865 Thread 0x00000199f68d9360 DEOPT PACKING pc=0x00000199e2e1bf3c sp=0x00000079e3bfe260
Event: 6.865 Thread 0x00000199f68d9360 DEOPT UNPACKING pc=0x00000199e2443aa2 sp=0x00000079e3bfe168 mode 2

Classes loaded (20 events):
Event: 6.048 Loading class sun/reflect/generics/repository/FieldRepository
Event: 6.048 Loading class sun/reflect/generics/repository/FieldRepository done
Event: 6.299 Loading class sun/reflect/annotation/AnnotatedTypeFactory$AnnotatedParameterizedTypeImpl
Event: 6.299 Loading class java/lang/reflect/AnnotatedParameterizedType
Event: 6.299 Loading class java/lang/reflect/AnnotatedParameterizedType done
Event: 6.299 Loading class sun/reflect/annotation/AnnotatedTypeFactory$AnnotatedParameterizedTypeImpl done
Event: 6.401 Loading class sun/reflect/generics/scope/ConstructorScope
Event: 6.401 Loading class sun/reflect/generics/scope/ConstructorScope done
Event: 6.401 Loading class sun/reflect/generics/tree/VoidDescriptor
Event: 6.401 Loading class sun/reflect/generics/tree/VoidDescriptor done
Event: 6.497 Loading class java/util/concurrent/CompletionService
Event: 6.497 Loading class java/util/concurrent/CompletionService done
Event: 6.534 Loading class java/nio/channels/ServerSocketChannel
Event: 6.534 Loading class java/nio/channels/ServerSocketChannel done
Event: 6.665 Loading class java/lang/ExceptionInInitializerError
Event: 6.665 Loading class java/lang/ExceptionInInitializerError done
Event: 6.665 Loading class sun/misc/Unsafe
Event: 6.666 Loading class sun/misc/Unsafe done
Event: 6.676 Loading class jdk/internal/org/objectweb/asm/ClassReader
Event: 6.677 Loading class jdk/internal/org/objectweb/asm/ClassReader done

Classes unloaded (7 events):
Event: 4.712 Thread 0x00000199d7e40a10 Unloading class 0x00000199811aac00 'java/lang/invoke/LambdaForm$MH+0x00000199811aac00'
Event: 4.712 Thread 0x00000199d7e40a10 Unloading class 0x00000199811aa800 'java/lang/invoke/LambdaForm$MH+0x00000199811aa800'
Event: 4.712 Thread 0x00000199d7e40a10 Unloading class 0x00000199811aa400 'java/lang/invoke/LambdaForm$MH+0x00000199811aa400'
Event: 4.712 Thread 0x00000199d7e40a10 Unloading class 0x00000199811aa000 'java/lang/invoke/LambdaForm$MH+0x00000199811aa000'
Event: 4.712 Thread 0x00000199d7e40a10 Unloading class 0x00000199811a9c00 'java/lang/invoke/LambdaForm$BMH+0x00000199811a9c00'
Event: 4.712 Thread 0x00000199d7e40a10 Unloading class 0x00000199811a9800 'java/lang/invoke/LambdaForm$DMH+0x00000199811a9800'
Event: 4.712 Thread 0x00000199d7e40a10 Unloading class 0x00000199811a8400 'java/lang/invoke/LambdaForm$DMH+0x00000199811a8400'

Classes redefined (0 events):
No events

Internal exceptions (20 events):
Event: 5.420 Thread 0x00000199f68d9360 Exception <a 'java/lang/NoSuchMethodError'{0x00000000d605a410}: 'int java.lang.invoke.DirectMethodHandle$Holder.invokeStaticInit(java.lang.Object, float, float)'> (0x00000000d605a410) 
thrown [s\src\hotspot\share\interpreter\linkResolver.cpp, line 773]
Event: 5.421 Thread 0x00000199f68d9360 Exception <a 'java/lang/NoSuchMethodError'{0x00000000d606bec0}: 'int java.lang.invoke.DirectMethodHandle$Holder.invokeStaticInit(java.lang.Object, double, double)'> (0x00000000d606bec0) 
thrown [s\src\hotspot\share\interpreter\linkResolver.cpp, line 773]
Event: 5.421 Thread 0x00000199f68d9360 Exception <a 'java/lang/NoSuchMethodError'{0x00000000d6070668}: 'int java.lang.invoke.DirectMethodHandle$Holder.invokeStatic(java.lang.Object, long)'> (0x00000000d6070668) 
thrown [s\src\hotspot\share\interpreter\linkResolver.cpp, line 773]
Event: 5.425 Thread 0x00000199f68d9360 Exception <a 'java/lang/NoSuchMethodError'{0x00000000d60a48a8}: 'int java.lang.invoke.Invokers$Holder.linkToTargetMethod(java.lang.Object, java.lang.Object)'> (0x00000000d60a48a8) 
thrown [s\src\hotspot\share\interpreter\linkResolver.cpp, line 773]
Event: 5.473 Thread 0x00000199f68d9360 Exception <a 'java/lang/NoSuchMethodError'{0x00000000d63d7cc8}: 'java.lang.Object java.lang.invoke.DirectMethodHandle$Holder.invokeSpecialIFC(java.lang.Object, java.lang.Object, java.lang.Object, java.lang.Object)'> (0x00000000d63d7cc8) 
thrown [s\src\hotspot\share\interpreter\linkResolver.cpp, line 773]
Event: 5.646 Thread 0x00000199d7d9ce00 Exception <a 'java/lang/NoSuchMethodError'{0x00000000d575db98}: 'void java.lang.invoke.DirectMethodHandle$Holder.invokeSpecial(java.lang.Object, java.lang.Object, java.lang.Object, java.lang.Object, java.lang.Object, java.lang.Object)'> (0x00000000d575db98) 
thrown [s\src\hotspot\share\interpreter\linkResolver.cpp, line 773]
Event: 5.648 Thread 0x00000199d7d9ce00 Exception <a 'java/lang/IncompatibleClassChangeError'{0x00000000d5765e38}: Found class java.lang.Object, but interface was expected> (0x00000000d5765e38) 
thrown [s\src\hotspot\share\interpreter\linkResolver.cpp, line 840]
Event: 5.648 Thread 0x00000199d7d9ce00 Exception <a 'java/lang/IncompatibleClassChangeError'{0x00000000d5767cf8}: Found class java.lang.Object, but interface was expected> (0x00000000d5767cf8) 
thrown [s\src\hotspot\share\interpreter\linkResolver.cpp, line 840]
Event: 5.750 Thread 0x00000199f68d7fb0 Exception <a 'java/lang/NoSuchMethodError'{0x00000000d611c860}: 'int java.lang.invoke.DirectMethodHandle$Holder.invokeSpecial(java.lang.Object, java.lang.Object, java.lang.Object, java.lang.Object)'> (0x00000000d611c860) 
thrown [s\src\hotspot\share\interpreter\linkResolver.cpp, line 773]
Event: 5.753 Thread 0x00000199f68d7fb0 Exception <a 'java/lang/NoSuchMethodError'{0x00000000d61cf5a0}: 'java.lang.Object java.lang.invoke.DirectMethodHandle$Holder.invokeStatic(java.lang.Object, int, java.lang.Object, java.lang.Object)'> (0x00000000d61cf5a0) 
thrown [s\src\hotspot\share\interpreter\linkResolver.cpp, line 773]
Event: 5.753 Thread 0x00000199f68d7fb0 Exception <a 'java/lang/NoSuchMethodError'{0x00000000d61d2da0}: 'java.lang.Object java.lang.invoke.DelegatingMethodHandle$Holder.delegate(java.lang.Object, int, java.lang.Object, java.lang.Object)'> (0x00000000d61d2da0) 
thrown [s\src\hotspot\share\interpreter\linkResolver.cpp, line 773]
Event: 5.755 Thread 0x00000199f68d7fb0 Implicit null exception at 0x00000199e2d4e076 to 0x00000199e2d4e398
Event: 5.758 Thread 0x00000199f68d7fb0 Exception <a 'java/lang/NoSuchMethodError'{0x00000000d62cacc8}: 'int java.lang.invoke.Invokers$Holder.linkToTargetMethod(java.lang.Object, java.lang.Object, java.lang.Object)'> (0x00000000d62cacc8) 
thrown [s\src\hotspot\share\interpreter\linkResolver.cpp, line 773]
Event: 5.878 Thread 0x00000199f68d9360 Exception <a 'java/lang/NoClassDefFoundError'{0x00000000d69f19f0}: javax/enterprise/inject/Typed> (0x00000000d69f19f0) 
thrown [s\src\hotspot\share\classfile\systemDictionary.cpp, line 301]
Event: 6.663 Thread 0x00000199f68d9360 Exception <a 'java/lang/NoSuchMethodError'{0x00000000d6384410}: 'void java.lang.invoke.DirectMethodHandle$Holder.invokeStaticInit(java.lang.Object, java.lang.Object, java.lang.Object)'> (0x00000000d6384410) 
thrown [s\src\hotspot\share\interpreter\linkResolver.cpp, line 773]
Event: 6.667 Thread 0x00000199f68d9360 Exception <a 'java/lang/ExceptionInInitializerError'{0x00000000d63c6a30}> (0x00000000d63c6a30) 
thrown [s\src\hotspot\share\oops\instanceKlass.cpp, line 1220]
Event: 6.674 Thread 0x00000199f68d9360 Exception <a 'java/lang/NoSuchMethodError'{0x00000000d6442688}: 'long java.lang.invoke.DirectMethodHandle$Holder.invokeStatic(java.lang.Object, java.lang.Object, int)'> (0x00000000d6442688) 
thrown [s\src\hotspot\share\interpreter\linkResolver.cpp, line 773]
Event: 6.678 Thread 0x00000199f68d9360 Implicit null exception at 0x00000199e2c85efe to 0x00000199e2c86170
Event: 6.678 Thread 0x00000199f68d9360 Implicit null exception at 0x00000199e2bf8e9c to 0x00000199e2bf9db8
Event: 6.679 Thread 0x00000199f68d9360 Exception <a 'java/lang/NoSuchMethodError'{0x00000000d6482848}: 'java.lang.Object java.lang.invoke.Invokers$Holder.invokeExact_MT(java.lang.Object, int, java.lang.Object)'> (0x00000000d6482848) 
thrown [s\src\hotspot\share\interpreter\linkResolver.cpp, line 773]

ZGC Phase Switch (0 events):
No events

VM Operations (20 events):
Event: 5.593 Executing safepoint VM operation: CollectForMetadataAllocation (Metadata GC Threshold)
Event: 5.620 Executing safepoint VM operation: CollectForMetadataAllocation (Metadata GC Threshold) done
Event: 5.860 Executing non-safepoint VM operation: HandshakeAllThreads (Deoptimize)
Event: 5.860 Executing non-safepoint VM operation: HandshakeAllThreads (Deoptimize) done
Event: 5.897 Executing safepoint VM operation: ParallelGCFailedAllocation (Allocation Failure)
Event: 5.899 Executing safepoint VM operation: ParallelGCFailedAllocation (Allocation Failure) done
Event: 6.189 Executing safepoint VM operation: ParallelGCFailedAllocation (Allocation Failure)
Event: 6.192 Executing safepoint VM operation: ParallelGCFailedAllocation (Allocation Failure) done
Event: 6.332 Executing non-safepoint VM operation: HandshakeAllThreads (Deoptimize)
Event: 6.333 Executing non-safepoint VM operation: HandshakeAllThreads (Deoptimize) done
Event: 6.460 Executing safepoint VM operation: ParallelGCFailedAllocation (Allocation Failure)
Event: 6.462 Executing safepoint VM operation: ParallelGCFailedAllocation (Allocation Failure) done
Event: 6.507 Executing non-safepoint VM operation: HandshakeAllThreads (Deoptimize)
Event: 6.507 Executing non-safepoint VM operation: HandshakeAllThreads (Deoptimize) done
Event: 6.712 Executing non-safepoint VM operation: HandshakeAllThreads (Deoptimize)
Event: 6.712 Executing non-safepoint VM operation: HandshakeAllThreads (Deoptimize) done
Event: 6.761 Executing safepoint VM operation: ICBufferFull
Event: 6.761 Executing safepoint VM operation: ICBufferFull done
Event: 6.782 Executing safepoint VM operation: ParallelGCFailedAllocation (Allocation Failure)
Event: 6.783 Executing safepoint VM operation: ParallelGCFailedAllocation (Allocation Failure) done

Memory protections (0 events):
No events

Nmethod flushes (20 events):
Event: 5.610 Thread 0x00000199d7e40a10 flushing  nmethod 0x00000199db6a6b10
Event: 5.610 Thread 0x00000199d7e40a10 flushing  nmethod 0x00000199db6a6f10
Event: 5.610 Thread 0x00000199d7e40a10 flushing  nmethod 0x00000199db6a7810
Event: 5.610 Thread 0x00000199d7e40a10 flushing  nmethod 0x00000199db6a8a10
Event: 5.610 Thread 0x00000199d7e40a10 flushing  nmethod 0x00000199db6a9690
Event: 5.610 Thread 0x00000199d7e40a10 flushing  nmethod 0x00000199db6a9e10
Event: 5.610 Thread 0x00000199d7e40a10 flushing  nmethod 0x00000199db6ab390
Event: 5.610 Thread 0x00000199d7e40a10 flushing  nmethod 0x00000199db6abc90
Event: 5.610 Thread 0x00000199d7e40a10 flushing  nmethod 0x00000199db6ac190
Event: 5.610 Thread 0x00000199d7e40a10 flushing  nmethod 0x00000199db6ad590
Event: 5.610 Thread 0x00000199d7e40a10 flushing  nmethod 0x00000199db6af010
Event: 5.610 Thread 0x00000199d7e40a10 flushing  nmethod 0x00000199db6af990
Event: 5.610 Thread 0x00000199d7e40a10 flushing  nmethod 0x00000199db6b1990
Event: 5.610 Thread 0x00000199d7e40a10 flushing  nmethod 0x00000199db6fa410
Event: 5.610 Thread 0x00000199d7e40a10 flushing  nmethod 0x00000199db6fb190
Event: 5.610 Thread 0x00000199d7e40a10 flushing  nmethod 0x00000199db721010
Event: 5.610 Thread 0x00000199d7e40a10 flushing  nmethod 0x00000199db727790
Event: 5.610 Thread 0x00000199d7e40a10 flushing  nmethod 0x00000199db7a8310
Event: 5.610 Thread 0x00000199d7e40a10 flushing  nmethod 0x00000199db7a8d10
Event: 5.610 Thread 0x00000199d7e40a10 flushing  nmethod 0x00000199db7d3f10

Events (20 events):
Event: 5.351 Thread 0x00000199d7d9ce00 Thread added: 0x00000199f8c70cd0
Event: 5.352 Thread 0x00000199d7d9ce00 Thread added: 0x00000199f8c719f0
Event: 5.352 Thread 0x00000199d7d9ce00 Thread added: 0x00000199f8c72080
Event: 5.352 Thread 0x00000199d7d9ce00 Thread added: 0x00000199f8c6ffb0
Event: 5.352 Thread 0x00000199d7d9ce00 Thread added: 0x00000199f8c72710
Event: 5.352 Thread 0x00000199d7d9ce00 Thread added: 0x00000199f8c73ac0
Event: 5.352 Thread 0x00000199d7d9ce00 Thread added: 0x00000199f8c70640
Event: 5.353 Thread 0x00000199d7d9ce00 Thread added: 0x00000199f8c75500
Event: 5.353 Thread 0x00000199d7d9ce00 Thread added: 0x00000199f8c76f40
Event: 5.353 Thread 0x00000199d7d9ce00 Thread added: 0x00000199f8c76220
Event: 5.353 Thread 0x00000199d7d9ce00 Thread added: 0x00000199f8c768b0
Event: 5.390 Thread 0x00000199d7e5e330 Thread added: 0x00000199f6c1e4a0
Event: 5.390 Thread 0x00000199f6c21450 Thread added: 0x00000199f8910d20
Event: 5.395 Thread 0x00000199d7d9ce00 Thread added: 0x00000199f8c74150
Event: 5.397 Thread 0x00000199f8910d20 Thread added: 0x00000199f890d6a0
Event: 5.680 Thread 0x00000199d7d9ce00 Thread added: 0x00000199f8c747e0
Event: 5.680 Thread 0x00000199d7d9ce00 Thread added: 0x00000199f8c74e70
Event: 5.744 Thread 0x00000199d7e5e330 Thread added: 0x00000199f89113f0
Event: 6.019 Thread 0x00000199f68d6570 Thread added: 0x00000199fa1496f0
Event: 6.457 Thread 0x00000199f89113f0 Thread exited: 0x00000199f89113f0


Dynamic libraries:
0x00007ff674450000 - 0x00007ff67445e000 	c:\Users\Ahmad Rafi\.vscode\extensions\redhat.java-1.54.0-win32-x64\jre\21.0.10-win32-x86_64\bin\java.exe
0x00007ffed10c0000 - 0x00007ffed1327000 	C:\Windows\SYSTEM32\ntdll.dll
0x00007ffecfcb0000 - 0x00007ffecfd79000 	C:\Windows\System32\KERNEL32.DLL
0x00007ffece620000 - 0x00007ffecea17000 	C:\Windows\System32\KERNELBASE.dll
0x00007ffecec10000 - 0x00007ffeced5b000 	C:\Windows\System32\ucrtbase.dll
0x00007ffe9e420000 - 0x00007ffe9e438000 	c:\Users\Ahmad Rafi\.vscode\extensions\redhat.java-1.54.0-win32-x64\jre\21.0.10-win32-x86_64\bin\jli.dll
0x00007ffe9d710000 - 0x00007ffe9d72e000 	c:\Users\Ahmad Rafi\.vscode\extensions\redhat.java-1.54.0-win32-x64\jre\21.0.10-win32-x86_64\bin\VCRUNTIME140.dll
0x00007ffecfae0000 - 0x00007ffecfca6000 	C:\Windows\System32\USER32.dll
0x00007ffeced60000 - 0x00007ffeced87000 	C:\Windows\System32\win32u.dll
0x00007ffeb1570000 - 0x00007ffeb1802000 	C:\Windows\WinSxS\amd64_microsoft.windows.common-controls_6595b64144ccf1df_6.0.26100.8457_none_3e0b2faee331e92d\COMCTL32.dll
0x00007ffed0510000 - 0x00007ffed053b000 	C:\Windows\System32\GDI32.dll
0x00007ffecf0b0000 - 0x00007ffecf159000 	C:\Windows\System32\msvcrt.dll
0x00007ffeceae0000 - 0x00007ffecec0c000 	C:\Windows\System32\gdi32full.dll
0x00007ffeced90000 - 0x00007ffecee33000 	C:\Windows\System32\msvcp_win.dll
0x00007ffed0ff0000 - 0x00007ffed1022000 	C:\Windows\System32\IMM32.DLL
0x00007ffeb59d0000 - 0x00007ffeb59dc000 	c:\Users\Ahmad Rafi\.vscode\extensions\redhat.java-1.54.0-win32-x64\jre\21.0.10-win32-x86_64\bin\vcruntime140_1.dll
0x00007ffe98ec0000 - 0x00007ffe98f4d000 	c:\Users\Ahmad Rafi\.vscode\extensions\redhat.java-1.54.0-win32-x64\jre\21.0.10-win32-x86_64\bin\msvcp140.dll
0x00007ffe286a0000 - 0x00007ffe29441000 	c:\Users\Ahmad Rafi\.vscode\extensions\redhat.java-1.54.0-win32-x64\jre\21.0.10-win32-x86_64\bin\server\jvm.dll
0x00007ffed0f30000 - 0x00007ffed0fe6000 	C:\Windows\System32\ADVAPI32.dll
0x00007ffed0890000 - 0x00007ffed0937000 	C:\Windows\System32\sechost.dll
0x00007ffecf620000 - 0x00007ffecf738000 	C:\Windows\System32\RPCRT4.dll
0x00007ffecf590000 - 0x00007ffecf610000 	C:\Windows\System32\WS2_32.dll
0x00007ffecd950000 - 0x00007ffecd9ae000 	C:\Windows\SYSTEM32\POWRPROF.dll
0x00007ffec61c0000 - 0x00007ffec61cb000 	C:\Windows\SYSTEM32\VERSION.dll
0x00007ffebfe90000 - 0x00007ffebfec6000 	C:\Windows\SYSTEM32\WINMM.dll
0x00007ffecd930000 - 0x00007ffecd944000 	C:\Windows\SYSTEM32\UMPDC.dll
0x00007ffecc880000 - 0x00007ffecc89b000 	C:\Windows\SYSTEM32\kernel.appcore.dll
0x00007ffeb5960000 - 0x00007ffeb596a000 	c:\Users\Ahmad Rafi\.vscode\extensions\redhat.java-1.54.0-win32-x64\jre\21.0.10-win32-x86_64\bin\jimage.dll
0x00007ffecb5a0000 - 0x00007ffecb7e2000 	C:\Windows\SYSTEM32\DBGHELP.DLL
0x00007ffecf740000 - 0x00007ffecfac3000 	C:\Windows\System32\combase.dll
0x00007ffed05b0000 - 0x00007ffed0689000 	C:\Windows\System32\OLEAUT32.dll
0x00007ffea61a0000 - 0x00007ffea61db000 	C:\Windows\SYSTEM32\dbgcore.DLL
0x00007ffecdaf0000 - 0x00007ffecdb98000 	C:\Windows\System32\bcryptPrimitives.dll
0x00007ffeafda0000 - 0x00007ffeafdaf000 	c:\Users\Ahmad Rafi\.vscode\extensions\redhat.java-1.54.0-win32-x64\jre\21.0.10-win32-x86_64\bin\instrument.dll
0x00007ffe9d6f0000 - 0x00007ffe9d710000 	c:\Users\Ahmad Rafi\.vscode\extensions\redhat.java-1.54.0-win32-x64\jre\21.0.10-win32-x86_64\bin\java.dll
0x00007ffecfd80000 - 0x00007ffed04ee000 	C:\Windows\System32\SHELL32.dll
0x00007ffecdba0000 - 0x00007ffece40c000 	C:\Windows\System32\windows.storage.dll
0x00007ffecf160000 - 0x00007ffecf256000 	C:\Windows\System32\SHCORE.dll
0x00007ffed0540000 - 0x00007ffed05a6000 	C:\Windows\System32\shlwapi.dll
0x00007ffecda10000 - 0x00007ffecda39000 	C:\Windows\SYSTEM32\profapi.dll
0x00007ffe9b890000 - 0x00007ffe9b8a8000 	c:\Users\Ahmad Rafi\.vscode\extensions\redhat.java-1.54.0-win32-x64\jre\21.0.10-win32-x86_64\bin\zip.dll
0x00007ffeafcd0000 - 0x00007ffeafce0000 	C:\Users\Ahmad Rafi\.vscode\extensions\redhat.java-1.54.0-win32-x64\jre\21.0.10-win32-x86_64\bin\net.dll
0x00007ffec72e0000 - 0x00007ffec7409000 	C:\Windows\SYSTEM32\WINHTTP.dll
0x00007ffeccdf0000 - 0x00007ffecce5c000 	C:\Windows\system32\mswsock.dll
0x00007ffe9a5b0000 - 0x00007ffe9a5c6000 	C:\Users\Ahmad Rafi\.vscode\extensions\redhat.java-1.54.0-win32-x64\jre\21.0.10-win32-x86_64\bin\nio.dll
0x00007ffea0710000 - 0x00007ffea0720000 	c:\Users\Ahmad Rafi\.vscode\extensions\redhat.java-1.54.0-win32-x64\jre\21.0.10-win32-x86_64\bin\verify.dll
0x00007ffe880f0000 - 0x00007ffe88135000 	C:\Users\Ahmad Rafi\AppData\Roaming\Code\User\globalStorage\redhat.java\1.54.0\config_win\org.eclipse.equinox.launcher\org.eclipse.equinox.launcher.win32.win32.x86_64_1.3.0.v20260203-2149\eclipse_11919.dll
0x00007ffecf2c0000 - 0x00007ffecf457000 	C:\Windows\System32\ole32.dll
0x00007ffecd0d0000 - 0x00007ffecd0eb000 	C:\Windows\SYSTEM32\CRYPTSP.dll
0x00007ffecc7e0000 - 0x00007ffecc819000 	C:\Windows\system32\rsaenh.dll
0x00007ffeccea0000 - 0x00007ffecced3000 	C:\Windows\SYSTEM32\USERENV.dll
0x00007ffecd9e0000 - 0x00007ffecda0a000 	C:\Windows\SYSTEM32\bcrypt.dll
0x00007ffecd0f0000 - 0x00007ffecd0fc000 	C:\Windows\SYSTEM32\CRYPTBASE.dll
0x00007ffecc300000 - 0x00007ffecc332000 	C:\Windows\SYSTEM32\IPHLPAPI.DLL
0x00007ffecfad0000 - 0x00007ffecfada000 	C:\Windows\System32\NSI.dll
0x00007ffe87fa0000 - 0x00007ffe87fe9000 	C:\Users\Ahmad Rafi\AppData\Local\Temp\jna-891137385\jna9680444304176731055.dll
0x00007ffed0500000 - 0x00007ffed0508000 	C:\Windows\System32\PSAPI.DLL
0x00007ffec7810000 - 0x00007ffec782d000 	C:\Windows\SYSTEM32\dhcpcsvc6.DLL
0x00007ffec7550000 - 0x00007ffec7575000 	C:\Windows\SYSTEM32\dhcpcsvc.DLL

JVMTI agents:
c:\Users\Ahmad Rafi\.vscode\extensions\redhat.java-1.54.0-win32-x64\lombok\lombok-1.18.39-4050.jar path:c:\Users\Ahmad Rafi\.vscode\extensions\redhat.java-1.54.0-win32-x64\jre\21.0.10-win32-x86_64\bin\instrument.dll, loaded, initialized, instrumentlib options:none

dbghelp: loaded successfully - version: 4.0.5 - missing functions: none
symbol engine: initialized successfully - sym options: 0x614 - pdb path: .;c:\Users\Ahmad Rafi\.vscode\extensions\redhat.java-1.54.0-win32-x64\jre\21.0.10-win32-x86_64\bin;C:\Windows\SYSTEM32;C:\Windows\WinSxS\amd64_microsoft.windows.common-controls_6595b64144ccf1df_6.0.26100.8457_none_3e0b2faee331e92d;c:\Users\Ahmad Rafi\.vscode\extensions\redhat.java-1.54.0-win32-x64\jre\21.0.10-win32-x86_64\bin\server;C:\Users\Ahmad Rafi\AppData\Roaming\Code\User\globalStorage\redhat.java\1.54.0\config_win\org.eclipse.equinox.launcher\org.eclipse.equinox.launcher.win32.win32.x86_64_1.3.0.v20260203-2149;C:\Users\Ahmad Rafi\AppData\Local\Temp\jna-891137385

VM Arguments:
jvm_args: --add-modules=ALL-SYSTEM --add-opens=java.base/java.util=ALL-UNNAMED --add-opens=java.base/java.lang=ALL-UNNAMED --add-opens=java.base/sun.nio.fs=ALL-UNNAMED -Declipse.application=org.eclipse.jdt.ls.core.id1 -Dosgi.bundles.defaultStartLevel=4 -Declipse.product=org.eclipse.jdt.ls.core.product -Djava.import.generatesMetadataFilesAtProjectRoot=false -DDetectVMInstallationsJob.disabled=true -Dfile.encoding=utf8 -XX:+UseParallelGC -XX:GCTimeRatio=4 -XX:AdaptiveSizePolicyWeight=90 -Dsun.zip.disableMemoryMapping=true -Xmx2G -Xms100m -Xlog:disable -javaagent:c:\Users\Ahmad Rafi\.vscode\extensions\redhat.java-1.54.0-win32-x64\lombok\lombok-1.18.39-4050.jar -XX:+HeapDumpOnOutOfMemoryError -XX:HeapDumpPath=c:\Users\Ahmad Rafi\AppData\Roaming\Code\User\workspaceStorage\d5efb6c6f15797c39b84967ad30504b5\redhat.java -Daether.dependencyCollector.impl=bf 
java_command: c:\Users\Ahmad Rafi\.vscode\extensions\redhat.java-1.54.0-win32-x64\server\plugins\org.eclipse.equinox.launcher_1.7.100.v20251111-0406.jar -configuration c:\Users\Ahmad Rafi\AppData\Roaming\Code\User\globalStorage\redhat.java\1.54.0\config_win -data c:\Users\Ahmad Rafi\AppData\Roaming\Code\User\workspaceStorage\d5efb6c6f15797c39b84967ad30504b5\redhat.java\jdt_ws --pipe=\\.\pipe\lsp-70871d2f1f33420cd66d54eb93a1d27f-sock
java_class_path (initial): c:\Users\Ahmad Rafi\.vscode\extensions\redhat.java-1.54.0-win32-x64\server\plugins\org.eclipse.equinox.launcher_1.7.100.v20251111-0406.jar
Launcher Type: SUN_STANDARD

[Global flags]
    uintx AdaptiveSizePolicyWeight                 = 90                                        {product} {command line}
     intx CICompilerCount                          = 12                                        {product} {ergonomic}
    uintx GCTimeRatio                              = 4                                         {product} {command line}
     bool HeapDumpOnOutOfMemoryError               = true                                   {manageable} {command line}
    ccstr HeapDumpPath                             = c:\Users\Ahmad Rafi\AppData\Roaming\Code\User\workspaceStorage\d5efb6c6f15797c39b84967ad30504b5\redhat.java         {manageable} {command line}
   size_t InitialHeapSize                          = 104857600                                 {product} {command line}
   size_t MaxHeapSize                              = 2147483648                                {product} {command line}
   size_t MaxNewSize                               = 715653120                                 {product} {ergonomic}
   size_t MinHeapDeltaBytes                        = 524288                                    {product} {ergonomic}
   size_t MinHeapSize                              = 104857600                                 {product} {command line}
   size_t NewSize                                  = 34603008                                  {product} {ergonomic}
    uintx NonNMethodCodeHeapSize                   = 7602480                                {pd product} {ergonomic}
    uintx NonProfiledCodeHeapSize                  = 122027880                              {pd product} {ergonomic}
   size_t OldSize                                  = 70254592                                  {product} {ergonomic}
    uintx ProfiledCodeHeapSize                     = 122027880                              {pd product} {ergonomic}
    uintx ReservedCodeCacheSize                    = 251658240                              {pd product} {ergonomic}
     bool SegmentedCodeCache                       = true                                      {product} {ergonomic}
   size_t SoftMaxHeapSize                          = 2147483648                             {manageable} {ergonomic}
     bool UseCompressedOops                        = true                           {product lp64_product} {ergonomic}
     bool UseLargePagesIndividualAllocation        = false                                  {pd product} {ergonomic}
     bool UseParallelGC                            = true                                      {product} {command line}

Logging:
Log output configuration:
 #0: stdout all=off uptime,level,tags foldmultilines=false
 #1: stderr all=off uptime,level,tags foldmultilines=false

Release file:
JAVA_VERSION="21.0.10" 
MODULES="java.base java.compiler java.datatransfer java.xml java.prefs java.desktop java.instrument java.logging java.management java.security.sasl java.naming java.rmi java.management.rmi java.net.http java.scripting java.security.jgss java.transaction.xa java.sql java.sql.rowset java.xml.crypto java.se java.smartcardio jdk.accessibility jdk.internal.jvmstat jdk.attach jdk.charsets jdk.internal.opt jdk.zipfs jdk.compiler jdk.crypto.ec jdk.crypto.cryptoki jdk.crypto.mscapi jdk.dynalink jdk.internal.ed jdk.editpad jdk.hotspot.agent jdk.httpserver jdk.internal.le jdk.internal.vm.ci jdk.internal.vm.compiler jdk.internal.vm.compiler.management jdk.jartool jdk.javadoc jdk.jcmd jdk.management jdk.management.agent jdk.jconsole jdk.jdeps jdk.jdwp.agent jdk.jdi jdk.jfr jdk.jshell jdk.jsobject jdk.jstatd jdk.localedata jdk.management.jfr jdk.naming.dns jdk.naming.rmi jdk.net jdk.nio.mapmode jdk.random jdk.sctp jdk.security.auth jdk.security.jgss jdk.unsupported jdk.unsupported.desktop jdk.xml.dom" 

Environment Variables:
PATH=C:\Users\Ahmad Rafi\AppData\Local\Programs\Microsoft VS Code;C:\Python314\Scripts\;C:\Python314\;C:\Program Files\Common Files\Oracle\Java\javapath;C:\Windows\system32;C:\Windows;C:\Windows\System32\Wbem;C:\Windows\System32\WindowsPowerShell\v1.0\;C:\Windows\System32\OpenSSH\;C:\Program Files (x86)\NVIDIA Corporation\PhysX\Common;C:\Program Files\dotnet\;C:\Program Files\NVIDIA Corporation\NVIDIA App\NvDLISR;C:\xampp\php;C:\ProgramData\ComposerSetup\bin;C:\Users\Ahmad Rafi\AppData\Local\Programs\Python\Python313\Scripts;C:\Users\Ahmad Rafi\AppData\Local\Programs\Python\Python313;D:\KELAS 2G\Git\cmd;C:\Users\Ahmad Rafi\MOBILE-PROGRAMMING\punya gua\;C:\ProgramData\chocolatey\bin;C:\Users\Ahmad Rafi\AppData\Local\Programs\Python\Launcher\;C:\Users\Ahmad Rafi\AppData\Local\Microsoft\WindowsApps;C:\Users\Ahmad Rafi\AppData\Local\Programs\Microsoft VS Code\bin;C:\Users\Ahmad Rafi\AppData\Roaming\Composer\vendor\bin;C:\src\flutter\bin;D:\Android\Sdk\platform-tools;C:\Users\Ahmad Rafi\AppData\Roaming\npm;C:\Users\Ahmad Rafi\AppData\Roaming\npm;C:\Users\Ahmad Rafi\AppData\Local\Microsoft\WinGet\Links;D:\Windsurf\bin
USERNAME=Ahmad Rafi
OS=Windows_NT
PROCESSOR_IDENTIFIER=AMD64 Family 25 Model 68 Stepping 1, AuthenticAMD
TMP=C:\Users\AHMADR~1\AppData\Local\Temp
TEMP=C:\Users\AHMADR~1\AppData\Local\Temp




Periodic native trim disabled

---------------  S Y S T E M  ---------------

OS:
 Windows 11 , 64 bit Build 26100 (10.0.26100.8328)
OS uptime: 1 days 5:21 hours
Hyper-V role detected

CPU: total 16 (initial active 16) (16 cores per cpu, 2 threads per core) family 25 model 68 stepping 1 microcode 0xa404107, cx8, cmov, fxsr, ht, mmx, 3dnowpref, sse, sse2, sse3, ssse3, sse4a, sse4.1, sse4.2, popcnt, lzcnt, tsc, tscinvbit, avx, avx2, aes, erms, clmul, bmi1, bmi2, adx, sha, fma, vzeroupper, clflush, clflushopt, hv, rdtscp, rdpid, fsrm, f16c, cet_ss
Processor Information for the first 16 processors :
  Max Mhz: 3100, Current Mhz: 3100, Mhz Limit: 3100

Memory: 4k page, system-wide physical 16202M (1584M free)
TotalPageFile size 26569M (AvailPageFile size 5M)
current process WorkingSet (physical memory assigned to process): 253M, peak: 255M
current process commit charge ("private bytes"): 391M, peak: 392M

vm_info: OpenJDK 64-Bit Server VM (21.0.10+7-LTS) for windows-amd64 JRE (21.0.10+7-LTS), built on 2026-01-20T00:00:00Z by "admin" with MS VC++ 17.12 (VS2022)

END.
